{"C:\\Users\\bheng\\Music\\Hackthon AI Health Gen\\backend\\server.js": {"path":"C:\\Users\\bheng\\Music\\Hackthon AI Health Gen\\backend\\server.js","statementMap":{"0":{"start":{"line":1,"column":16},"end":{"line":1,"column":34}},"1":{"start":{"line":2,"column":13},"end":{"line":2,"column":28}},"2":{"start":{"line":3,"column":15},"end":{"line":3,"column":32}},"3":{"start":{"line":4,"column":15},"end":{"line":4,"column":32}},"4":{"start":{"line":5,"column":22},"end":{"line":5,"column":50}},"5":{"start":{"line":8,"column":0},"end":{"line":8,"column":16}},"6":{"start":{"line":10,"column":12},"end":{"line":10,"column":21}},"7":{"start":{"line":11,"column":13},"end":{"line":11,"column":37}},"8":{"start":{"line":14,"column":0},"end":{"line":14,"column":18}},"9":{"start":{"line":15,"column":0},"end":{"line":18,"column":4}},"10":{"start":{"line":19,"column":0},"end":{"line":19,"column":24}},"11":{"start":{"line":20,"column":0},"end":{"line":20,"column":48}},"12":{"start":{"line":23,"column":0},"end":{"line":42,"column":3}},"13":{"start":{"line":24,"column":2},"end":{"line":41,"column":3}},"14":{"start":{"line":26,"column":4},"end":{"line":26,"column":35}},"15":{"start":{"line":27,"column":4},"end":{"line":32,"column":7}},"16":{"start":{"line":34,"column":4},"end":{"line":40,"column":7}},"17":{"start":{"line":45,"column":0},"end":{"line":45,"column":47}},"18":{"start":{"line":46,"column":0},"end":{"line":46,"column":49}},"19":{"start":{"line":47,"column":0},"end":{"line":47,"column":51}},"20":{"start":{"line":48,"column":0},"end":{"line":48,"column":70}},"21":{"start":{"line":51,"column":0},"end":{"line":57,"column":3}},"22":{"start":{"line":52,"column":2},"end":{"line":52,"column":27}},"23":{"start":{"line":53,"column":2},"end":{"line":56,"column":5}},"24":{"start":{"line":60,"column":0},"end":{"line":62,"column":3}},"25":{"start":{"line":61,"column":2},"end":{"line":61,"column":55}},"26":{"start":{"line":65,"column":20},"end":{"line":83,"column":1}},"27":{"start":{"line":66,"column":2},"end":{"line":82,"column":3}},"28":{"start":{"line":68,"column":4},"end":{"line":68,"column":35}},"29":{"start":{"line":69,"column":4},"end":{"line":69,"column":65}},"30":{"start":{"line":72,"column":4},"end":{"line":72,"column":42}},"31":{"start":{"line":73,"column":4},"end":{"line":73,"column":49}},"32":{"start":{"line":75,"column":4},"end":{"line":78,"column":7}},"33":{"start":{"line":76,"column":6},"end":{"line":76,"column":55}},"34":{"start":{"line":77,"column":6},"end":{"line":77,"column":84}},"35":{"start":{"line":80,"column":4},"end":{"line":80,"column":52}},"36":{"start":{"line":81,"column":4},"end":{"line":81,"column":20}},"37":{"start":{"line":86,"column":0},"end":{"line":90,"column":3}},"38":{"start":{"line":87,"column":2},"end":{"line":87,"column":60}},"39":{"start":{"line":88,"column":2},"end":{"line":88,"column":26}},"40":{"start":{"line":89,"column":2},"end":{"line":89,"column":18}},"41":{"start":{"line":92,"column":0},"end":{"line":96,"column":3}},"42":{"start":{"line":93,"column":2},"end":{"line":93,"column":59}},"43":{"start":{"line":94,"column":2},"end":{"line":94,"column":26}},"44":{"start":{"line":95,"column":2},"end":{"line":95,"column":18}},"45":{"start":{"line":98,"column":0},"end":{"line":100,"column":1}},"46":{"start":{"line":99,"column":2},"end":{"line":99,"column":16}},"47":{"start":{"line":102,"column":0},"end":{"line":102,"column":21}}},"fnMap":{"0":{"name":"(anonymous_0)","decl":{"start":{"line":23,"column":23},"end":{"line":23,"column":24}},"loc":{"start":{"line":23,"column":43},"end":{"line":42,"column":1}},"line":23},"1":{"name":"(anonymous_1)","decl":{"start":{"line":51,"column":8},"end":{"line":51,"column":9}},"loc":{"start":{"line":51,"column":33},"end":{"line":57,"column":1}},"line":51},"2":{"name":"(anonymous_2)","decl":{"start":{"line":60,"column":13},"end":{"line":60,"column":14}},"loc":{"start":{"line":60,"column":27},"end":{"line":62,"column":1}},"line":60},"3":{"name":"(anonymous_3)","decl":{"start":{"line":65,"column":20},"end":{"line":65,"column":21}},"loc":{"start":{"line":65,"column":32},"end":{"line":83,"column":1}},"line":65},"4":{"name":"(anonymous_4)","decl":{"start":{"line":75,"column":21},"end":{"line":75,"column":22}},"loc":{"start":{"line":75,"column":27},"end":{"line":78,"column":5}},"line":75},"5":{"name":"(anonymous_5)","decl":{"start":{"line":86,"column":22},"end":{"line":86,"column":23}},"loc":{"start":{"line":86,"column":34},"end":{"line":90,"column":1}},"line":86},"6":{"name":"(anonymous_6)","decl":{"start":{"line":92,"column":21},"end":{"line":92,"column":22}},"loc":{"start":{"line":92,"column":33},"end":{"line":96,"column":1}},"line":92}},"branchMap":{"0":{"loc":{"start":{"line":11,"column":13},"end":{"line":11,"column":37}},"type":"binary-expr","locations":[{"start":{"line":11,"column":13},"end":{"line":11,"column":29}},{"start":{"line":11,"column":33},"end":{"line":11,"column":37}}],"line":11},"1":{"loc":{"start":{"line":16,"column":10},"end":{"line":16,"column":59}},"type":"binary-expr","locations":[{"start":{"line":16,"column":10},"end":{"line":16,"column":32}},{"start":{"line":16,"column":36},"end":{"line":16,"column":59}}],"line":16},"2":{"loc":{"start":{"line":55,"column":11},"end":{"line":55,"column":68}},"type":"cond-expr","locations":[{"start":{"line":55,"column":52},"end":{"line":55,"column":63}},{"start":{"line":55,"column":66},"end":{"line":55,"column":68}}],"line":55},"3":{"loc":{"start":{"line":98,"column":0},"end":{"line":100,"column":1}},"type":"if","locations":[{"start":{"line":98,"column":0},"end":{"line":100,"column":1}},{"start":{},"end":{}}],"line":98}},"s":{"0":2,"1":2,"2":2,"3":2,"4":2,"5":2,"6":2,"7":2,"8":2,"9":2,"10":2,"11":2,"12":2,"13":0,"14":0,"15":0,"16":0,"17":2,"18":2,"19":2,"20":2,"21":2,"22":0,"23":0,"24":2,"25":0,"26":2,"27":0,"28":0,"29":0,"30":0,"31":0,"32":0,"33":0,"34":0,"35":0,"36":0,"37":2,"38":0,"39":0,"40":0,"41":2,"42":0,"43":0,"44":0,"45":2,"46":0,"47":2},"f":{"0":0,"1":0,"2":0,"3":0,"4":0,"5":0,"6":0},"b":{"0":[2,0],"1":[2,0],"2":[0,0],"3":[0,2]},"_coverageSchema":"1a1c01bbd47fc00a2c39e90264f33305004495a9","hash":"dff307f7bdee35bb34bc47cd179ac9ec7d83ade1"}
,"C:\\Users\\bheng\\Music\\Hackthon AI Health Gen\\backend\\config\\database.js": {"path":"C:\\Users\\bheng\\Music\\Hackthon AI Health Gen\\backend\\config\\database.js","statementMap":{"0":{"start":{"line":1,"column":22},"end":{"line":1,"column":42}},"1":{"start":{"line":2,"column":0},"end":{"line":2,"column":27}},"2":{"start":{"line":4,"column":18},"end":{"line":25,"column":1}},"3":{"start":{"line":28,"column":23},"end":{"line":37,"column":1}},"4":{"start":{"line":29,"column":2},"end":{"line":36,"column":3}},"5":{"start":{"line":30,"column":4},"end":{"line":30,"column":35}},"6":{"start":{"line":31,"column":4},"end":{"line":31,"column":74}},"7":{"start":{"line":32,"column":4},"end":{"line":32,"column":16}},"8":{"start":{"line":34,"column":4},"end":{"line":34,"column":63}},"9":{"start":{"line":35,"column":4},"end":{"line":35,"column":17}},"10":{"start":{"line":39,"column":0},"end":{"line":42,"column":2}}},"fnMap":{"0":{"name":"(anonymous_0)","decl":{"start":{"line":28,"column":23},"end":{"line":28,"column":24}},"loc":{"start":{"line":28,"column":35},"end":{"line":37,"column":1}},"line":28}},"branchMap":{"0":{"loc":{"start":{"line":5,"column":2},"end":{"line":5,"column":39}},"type":"binary-expr","locations":[{"start":{"line":5,"column":2},"end":{"line":5,"column":21}},{"start":{"line":5,"column":25},"end":{"line":5,"column":39}}],"line":5},"1":{"loc":{"start":{"line":6,"column":2},"end":{"line":6,"column":31}},"type":"binary-expr","locations":[{"start":{"line":6,"column":2},"end":{"line":6,"column":21}},{"start":{"line":6,"column":25},"end":{"line":6,"column":31}}],"line":6},"2":{"loc":{"start":{"line":7,"column":2},"end":{"line":7,"column":31}},"type":"binary-expr","locations":[{"start":{"line":7,"column":2},"end":{"line":7,"column":25}},{"start":{"line":7,"column":29},"end":{"line":7,"column":31}}],"line":7},"3":{"loc":{"start":{"line":9,"column":10},"end":{"line":9,"column":44}},"type":"binary-expr","locations":[{"start":{"line":9,"column":10},"end":{"line":9,"column":29}},{"start":{"line":9,"column":33},"end":{"line":9,"column":44}}],"line":9},"4":{"loc":{"start":{"line":10,"column":10},"end":{"line":10,"column":37}},"type":"binary-expr","locations":[{"start":{"line":10,"column":10},"end":{"line":10,"column":29}},{"start":{"line":10,"column":33},"end":{"line":10,"column":37}}],"line":10},"5":{"loc":{"start":{"line":12,"column":13},"end":{"line":12,"column":73}},"type":"cond-expr","locations":[{"start":{"line":12,"column":54},"end":{"line":12,"column":65}},{"start":{"line":12,"column":68},"end":{"line":12,"column":73}}],"line":12}},"s":{"0":3,"1":3,"2":3,"3":3,"4":0,"5":0,"6":0,"7":0,"8":0,"9":0,"10":3},"f":{"0":0},"b":{"0":[3,0],"1":[3,0],"2":[3,3],"3":[3,0],"4":[3,0],"5":[0,3]},"_coverageSchema":"1a1c01bbd47fc00a2c39e90264f33305004495a9","hash":"91f1d5ee034b4499b528e8028a0484a320f35a8b"}
,"C:\\Users\\bheng\\Music\\Hackthon AI Health Gen\\backend\\middleware\\auth.js": {"path":"C:\\Users\\bheng\\Music\\Hackthon AI Health Gen\\backend\\middleware\\auth.js","statementMap":{"0":{"start":{"line":1,"column":12},"end":{"line":1,"column":35}},"1":{"start":{"line":2,"column":17},"end":{"line":2,"column":37}},"2":{"start":{"line":4,"column":13},"end":{"line":42,"column":1}},"3":{"start":{"line":5,"column":2},"end":{"line":41,"column":3}},"4":{"start":{"line":6,"column":18},"end":{"line":6,"column":69}},"5":{"start":{"line":8,"column":4},"end":{"line":12,"column":5}},"6":{"start":{"line":9,"column":6},"end":{"line":11,"column":9}},"7":{"start":{"line":14,"column":20},"end":{"line":14,"column":61}},"8":{"start":{"line":15,"column":17},"end":{"line":15,"column":48}},"9":{"start":{"line":17,"column":4},"end":{"line":21,"column":5}},"10":{"start":{"line":18,"column":6},"end":{"line":20,"column":9}},"11":{"start":{"line":23,"column":4},"end":{"line":23,"column":20}},"12":{"start":{"line":24,"column":4},"end":{"line":24,"column":11}},"13":{"start":{"line":26,"column":4},"end":{"line":30,"column":5}},"14":{"start":{"line":27,"column":6},"end":{"line":29,"column":9}},"15":{"start":{"line":31,"column":4},"end":{"line":35,"column":5}},"16":{"start":{"line":32,"column":6},"end":{"line":34,"column":9}},"17":{"start":{"line":37,"column":4},"end":{"line":37,"column":51}},"18":{"start":{"line":38,"column":4},"end":{"line":40,"column":7}},"19":{"start":{"line":44,"column":21},"end":{"line":62,"column":1}},"20":{"start":{"line":45,"column":2},"end":{"line":61,"column":3}},"21":{"start":{"line":46,"column":18},"end":{"line":46,"column":69}},"22":{"start":{"line":48,"column":4},"end":{"line":55,"column":5}},"23":{"start":{"line":49,"column":22},"end":{"line":49,"column":63}},"24":{"start":{"line":50,"column":19},"end":{"line":50,"column":50}},"25":{"start":{"line":52,"column":6},"end":{"line":54,"column":7}},"26":{"start":{"line":53,"column":8},"end":{"line":53,"column":24}},"27":{"start":{"line":57,"column":4},"end":{"line":57,"column":11}},"28":{"start":{"line":60,"column":4},"end":{"line":60,"column":11}},"29":{"start":{"line":64,"column":18},"end":{"line":80,"column":1}},"30":{"start":{"line":65,"column":2},"end":{"line":79,"column":3}},"31":{"start":{"line":66,"column":4},"end":{"line":66,"column":35}},"32":{"start":{"line":68,"column":4},"end":{"line":72,"column":5}},"33":{"start":{"line":69,"column":6},"end":{"line":71,"column":9}},"34":{"start":{"line":74,"column":4},"end":{"line":74,"column":11}},"35":{"start":{"line":76,"column":4},"end":{"line":78,"column":7}},"36":{"start":{"line":82,"column":0},"end":{"line":86,"column":2}}},"fnMap":{"0":{"name":"(anonymous_0)","decl":{"start":{"line":4,"column":13},"end":{"line":4,"column":14}},"loc":{"start":{"line":4,"column":39},"end":{"line":42,"column":1}},"line":4},"1":{"name":"(anonymous_1)","decl":{"start":{"line":44,"column":21},"end":{"line":44,"column":22}},"loc":{"start":{"line":44,"column":47},"end":{"line":62,"column":1}},"line":44},"2":{"name":"(anonymous_2)","decl":{"start":{"line":64,"column":18},"end":{"line":64,"column":19}},"loc":{"start":{"line":64,"column":44},"end":{"line":80,"column":1}},"line":64},"3":{"name":"(anonymous_3)","decl":{"start":{"line":66,"column":25},"end":{"line":66,"column":26}},"loc":{"start":{"line":66,"column":31},"end":{"line":66,"column":33}},"line":66}},"branchMap":{"0":{"loc":{"start":{"line":8,"column":4},"end":{"line":12,"column":5}},"type":"if","locations":[{"start":{"line":8,"column":4},"end":{"line":12,"column":5}},{"start":{},"end":{}}],"line":8},"1":{"loc":{"start":{"line":17,"column":4},"end":{"line":21,"column":5}},"type":"if","locations":[{"start":{"line":17,"column":4},"end":{"line":21,"column":5}},{"start":{},"end":{}}],"line":17},"2":{"loc":{"start":{"line":17,"column":8},"end":{"line":17,"column":31}},"type":"binary-expr","locations":[{"start":{"line":17,"column":8},"end":{"line":17,"column":13}},{"start":{"line":17,"column":17},"end":{"line":17,"column":31}}],"line":17},"3":{"loc":{"start":{"line":26,"column":4},"end":{"line":30,"column":5}},"type":"if","locations":[{"start":{"line":26,"column":4},"end":{"line":30,"column":5}},{"start":{},"end":{}}],"line":26},"4":{"loc":{"start":{"line":31,"column":4},"end":{"line":35,"column":5}},"type":"if","locations":[{"start":{"line":31,"column":4},"end":{"line":35,"column":5}},{"start":{},"end":{}}],"line":31},"5":{"loc":{"start":{"line":48,"column":4},"end":{"line":55,"column":5}},"type":"if","locations":[{"start":{"line":48,"column":4},"end":{"line":55,"column":5}},{"start":{},"end":{}}],"line":48},"6":{"loc":{"start":{"line":52,"column":6},"end":{"line":54,"column":7}},"type":"if","locations":[{"start":{"line":52,"column":6},"end":{"line":54,"column":7}},{"start":{},"end":{}}],"line":52},"7":{"loc":{"start":{"line":52,"column":10},"end":{"line":52,"column":31}},"type":"binary-expr","locations":[{"start":{"line":52,"column":10},"end":{"line":52,"column":14}},{"start":{"line":52,"column":18},"end":{"line":52,"column":31}}],"line":52},"8":{"loc":{"start":{"line":68,"column":4},"end":{"line":72,"column":5}},"type":"if","locations":[{"start":{"line":68,"column":4},"end":{"line":72,"column":5}},{"start":{},"end":{}}],"line":68}},"s":{"0":2,"1":2,"2":2,"3":0,"4":0,"5":0,"6":0,"7":0,"8":0,"9":0,"10":0,"11":0,"12":0,"13":0,"14":0,"15":0,"16":0,"17":0,"18":0,"19":2,"20":0,"21":0,"22":0,"23":0,"24":0,"25":0,"26":0,"27":0,"28":0,"29":2,"30":0,"31":0,"32":0,"33":0,"34":0,"35":0,"36":2},"f":{"0":0,"1":0,"2":0,"3":0},"b":{"0":[0,0],"1":[0,0],"2":[0,0],"3":[0,0],"4":[0,0],"5":[0,0],"6":[0,0],"7":[0,0],"8":[0,0]},"_coverageSchema":"1a1c01bbd47fc00a2c39e90264f33305004495a9","hash":"6eb8806a077772cb856f68fd3389daa16a182818"}
,"C:\\Users\\bheng\\Music\\Hackthon AI Health Gen\\backend\\models\\Alert.js": {"path":"C:\\Users\\bheng\\Music\\Hackthon AI Health Gen\\backend\\models\\Alert.js","statementMap":{"0":{"start":{"line":1,"column":22},"end":{"line":1,"column":42}},"1":{"start":{"line":2,"column":22},"end":{"line":2,"column":51}},"2":{"start":{"line":4,"column":14},"end":{"line":76,"column":2}},"3":{"start":{"line":79,"column":0},"end":{"line":83,"column":2}},"4":{"start":{"line":80,"column":2},"end":{"line":80,"column":31}},"5":{"start":{"line":81,"column":2},"end":{"line":81,"column":35}},"6":{"start":{"line":82,"column":2},"end":{"line":82,"column":21}},"7":{"start":{"line":85,"column":0},"end":{"line":89,"column":2}},"8":{"start":{"line":86,"column":2},"end":{"line":86,"column":27}},"9":{"start":{"line":87,"column":2},"end":{"line":87,"column":31}},"10":{"start":{"line":88,"column":2},"end":{"line":88,"column":21}},"11":{"start":{"line":91,"column":0},"end":{"line":94,"column":2}},"12":{"start":{"line":92,"column":2},"end":{"line":92,"column":28}},"13":{"start":{"line":93,"column":2},"end":{"line":93,"column":21}},"14":{"start":{"line":97,"column":0},"end":{"line":103,"column":2}},"15":{"start":{"line":98,"column":2},"end":{"line":102,"column":5}},"16":{"start":{"line":105,"column":0},"end":{"line":113,"column":2}},"17":{"start":{"line":106,"column":2},"end":{"line":112,"column":5}},"18":{"start":{"line":115,"column":0},"end":{"line":115,"column":23}}},"fnMap":{"0":{"name":"(anonymous_0)","decl":{"start":{"line":79,"column":30},"end":{"line":79,"column":31}},"loc":{"start":{"line":79,"column":41},"end":{"line":83,"column":1}},"line":79},"1":{"name":"(anonymous_1)","decl":{"start":{"line":85,"column":26},"end":{"line":85,"column":27}},"loc":{"start":{"line":85,"column":37},"end":{"line":89,"column":1}},"line":85},"2":{"name":"(anonymous_2)","decl":{"start":{"line":91,"column":26},"end":{"line":91,"column":27}},"loc":{"start":{"line":91,"column":37},"end":{"line":94,"column":1}},"line":91},"3":{"name":"(anonymous_3)","decl":{"start":{"line":97,"column":19},"end":{"line":97,"column":20}},"loc":{"start":{"line":97,"column":50},"end":{"line":103,"column":1}},"line":97},"4":{"name":"(anonymous_4)","decl":{"start":{"line":105,"column":25},"end":{"line":105,"column":26}},"loc":{"start":{"line":105,"column":42},"end":{"line":113,"column":1}},"line":105}},"branchMap":{"0":{"loc":{"start":{"line":97,"column":36},"end":{"line":97,"column":48}},"type":"default-arg","locations":[{"start":{"line":97,"column":46},"end":{"line":97,"column":48}}],"line":97}},"s":{"0":3,"1":3,"2":3,"3":3,"4":0,"5":0,"6":0,"7":3,"8":0,"9":0,"10":0,"11":3,"12":0,"13":0,"14":3,"15":0,"16":3,"17":0,"18":3},"f":{"0":0,"1":0,"2":0,"3":0,"4":0},"b":{"0":[0]},"_coverageSchema":"1a1c01bbd47fc00a2c39e90264f33305004495a9","hash":"6d7e44680f19f497a67ca2ddc6135107dc790d05"}
,"C:\\Users\\bheng\\Music\\Hackthon AI Health Gen\\backend\\models\\DiagnosticTest.js": {"path":"C:\\Users\\bheng\\Music\\Hackthon AI Health Gen\\backend\\models\\DiagnosticTest.js","statementMap":{"0":{"start":{"line":1,"column":22},"end":{"line":1,"column":42}},"1":{"start":{"line":2,"column":22},"end":{"line":2,"column":51}},"2":{"start":{"line":4,"column":23},"end":{"line":98,"column":2}},"3":{"start":{"line":101,"column":0},"end":{"line":104,"column":2}},"4":{"start":{"line":102,"column":2},"end":{"line":102,"column":27}},"5":{"start":{"line":103,"column":2},"end":{"line":103,"column":21}},"6":{"start":{"line":106,"column":0},"end":{"line":109,"column":2}},"7":{"start":{"line":107,"column":2},"end":{"line":107,"column":28}},"8":{"start":{"line":108,"column":2},"end":{"line":108,"column":21}},"9":{"start":{"line":112,"column":0},"end":{"line":118,"column":2}},"10":{"start":{"line":113,"column":2},"end":{"line":117,"column":5}},"11":{"start":{"line":120,"column":0},"end":{"line":128,"column":2}},"12":{"start":{"line":121,"column":2},"end":{"line":127,"column":5}},"13":{"start":{"line":130,"column":0},"end":{"line":138,"column":2}},"14":{"start":{"line":131,"column":2},"end":{"line":137,"column":5}},"15":{"start":{"line":140,"column":0},"end":{"line":153,"column":2}},"16":{"start":{"line":141,"column":24},"end":{"line":141,"column":34}},"17":{"start":{"line":142,"column":2},"end":{"line":142,"column":56}},"18":{"start":{"line":144,"column":2},"end":{"line":152,"column":5}},"19":{"start":{"line":155,"column":0},"end":{"line":155,"column":32}}},"fnMap":{"0":{"name":"(anonymous_0)","decl":{"start":{"line":101,"column":42},"end":{"line":101,"column":43}},"loc":{"start":{"line":101,"column":53},"end":{"line":104,"column":1}},"line":101},"1":{"name":"(anonymous_1)","decl":{"start":{"line":106,"column":34},"end":{"line":106,"column":35}},"loc":{"start":{"line":106,"column":45},"end":{"line":109,"column":1}},"line":106},"2":{"name":"(anonymous_2)","decl":{"start":{"line":112,"column":28},"end":{"line":112,"column":29}},"loc":{"start":{"line":112,"column":59},"end":{"line":118,"column":1}},"line":112},"3":{"name":"(anonymous_3)","decl":{"start":{"line":120,"column":35},"end":{"line":120,"column":36}},"loc":{"start":{"line":120,"column":62},"end":{"line":128,"column":1}},"line":120},"4":{"name":"(anonymous_4)","decl":{"start":{"line":130,"column":36},"end":{"line":130,"column":37}},"loc":{"start":{"line":130,"column":53},"end":{"line":138,"column":1}},"line":130},"5":{"name":"(anonymous_5)","decl":{"start":{"line":140,"column":34},"end":{"line":140,"column":35}},"loc":{"start":{"line":140,"column":62},"end":{"line":153,"column":1}},"line":140}},"branchMap":{"0":{"loc":{"start":{"line":112,"column":45},"end":{"line":112,"column":57}},"type":"default-arg","locations":[{"start":{"line":112,"column":55},"end":{"line":112,"column":57}}],"line":112},"1":{"loc":{"start":{"line":140,"column":51},"end":{"line":140,"column":60}},"type":"default-arg","locations":[{"start":{"line":140,"column":58},"end":{"line":140,"column":60}}],"line":140}},"s":{"0":3,"1":3,"2":3,"3":3,"4":0,"5":0,"6":3,"7":0,"8":0,"9":3,"10":0,"11":3,"12":0,"13":3,"14":0,"15":3,"16":0,"17":0,"18":0,"19":3},"f":{"0":0,"1":0,"2":0,"3":0,"4":0,"5":0},"b":{"0":[0],"1":[0]},"_coverageSchema":"1a1c01bbd47fc00a2c39e90264f33305004495a9","hash":"69c1ede5e89148592eae89b8b47806958a131c19"}
,"C:\\Users\\bheng\\Music\\Hackthon AI Health Gen\\backend\\models\\User.js": {"path":"C:\\Users\\bheng\\Music\\Hackthon AI Health Gen\\backend\\models\\User.js","statementMap":{"0":{"start":{"line":1,"column":22},"end":{"line":1,"column":42}},"1":{"start":{"line":2,"column":15},"end":{"line":2,"column":34}},"2":{"start":{"line":3,"column":22},"end":{"line":3,"column":51}},"3":{"start":{"line":5,"column":13},"end":{"line":69,"column":2}},"4":{"start":{"line":57,"column":6},"end":{"line":60,"column":7}},"5":{"start":{"line":58,"column":21},"end":{"line":58,"column":45}},"6":{"start":{"line":59,"column":8},"end":{"line":59,"column":63}},"7":{"start":{"line":63,"column":6},"end":{"line":66,"column":7}},"8":{"start":{"line":64,"column":21},"end":{"line":64,"column":45}},"9":{"start":{"line":65,"column":8},"end":{"line":65,"column":63}},"10":{"start":{"line":72,"column":0},"end":{"line":74,"column":2}},"11":{"start":{"line":73,"column":2},"end":{"line":73,"column":64}},"12":{"start":{"line":76,"column":0},"end":{"line":80,"column":2}},"13":{"start":{"line":77,"column":17},"end":{"line":77,"column":46}},"14":{"start":{"line":78,"column":2},"end":{"line":78,"column":25}},"15":{"start":{"line":79,"column":2},"end":{"line":79,"column":16}},"16":{"start":{"line":83,"column":0},"end":{"line":85,"column":2}},"17":{"start":{"line":84,"column":2},"end":{"line":84,"column":44}},"18":{"start":{"line":87,"column":0},"end":{"line":87,"column":22}}},"fnMap":{"0":{"name":"(anonymous_0)","decl":{"start":{"line":56,"column":18},"end":{"line":56,"column":19}},"loc":{"start":{"line":56,"column":34},"end":{"line":61,"column":5}},"line":56},"1":{"name":"(anonymous_1)","decl":{"start":{"line":62,"column":18},"end":{"line":62,"column":19}},"loc":{"start":{"line":62,"column":34},"end":{"line":67,"column":5}},"line":62},"2":{"name":"(anonymous_2)","decl":{"start":{"line":72,"column":33},"end":{"line":72,"column":34}},"loc":{"start":{"line":72,"column":67},"end":{"line":74,"column":1}},"line":72},"3":{"name":"(anonymous_3)","decl":{"start":{"line":76,"column":24},"end":{"line":76,"column":25}},"loc":{"start":{"line":76,"column":35},"end":{"line":80,"column":1}},"line":76},"4":{"name":"(anonymous_4)","decl":{"start":{"line":83,"column":19},"end":{"line":83,"column":20}},"loc":{"start":{"line":83,"column":35},"end":{"line":85,"column":1}},"line":83}},"branchMap":{"0":{"loc":{"start":{"line":57,"column":6},"end":{"line":60,"column":7}},"type":"if","locations":[{"start":{"line":57,"column":6},"end":{"line":60,"column":7}},{"start":{},"end":{}}],"line":57},"1":{"loc":{"start":{"line":63,"column":6},"end":{"line":66,"column":7}},"type":"if","locations":[{"start":{"line":63,"column":6},"end":{"line":66,"column":7}},{"start":{},"end":{}}],"line":63}},"s":{"0":3,"1":3,"2":3,"3":3,"4":0,"5":0,"6":0,"7":0,"8":0,"9":0,"10":3,"11":0,"12":3,"13":0,"14":0,"15":0,"16":3,"17":0,"18":3},"f":{"0":0,"1":0,"2":0,"3":0,"4":0},"b":{"0":[0,0],"1":[0,0]},"_coverageSchema":"1a1c01bbd47fc00a2c39e90264f33305004495a9","hash":"fe25aa0e5465e60a760cdf4a3c2a9883211ad787"}
,"C:\\Users\\bheng\\Music\\Hackthon AI Health Gen\\backend\\models\\index.js": {"path":"C:\\Users\\bheng\\Music\\Hackthon AI Health Gen\\backend\\models\\index.js","statementMap":{"0":{"start":{"line":1,"column":22},"end":{"line":1,"column":51}},"1":{"start":{"line":2,"column":13},"end":{"line":2,"column":30}},"2":{"start":{"line":3,"column":14},"end":{"line":3,"column":32}},"3":{"start":{"line":4,"column":23},"end":{"line":4,"column":50}},"4":{"start":{"line":7,"column":0},"end":{"line":11,"column":3}},"5":{"start":{"line":13,"column":0},"end":{"line":16,"column":3}},"6":{"start":{"line":18,"column":0},"end":{"line":22,"column":3}},"7":{"start":{"line":24,"column":0},"end":{"line":27,"column":3}},"8":{"start":{"line":30,"column":0},"end":{"line":35,"column":2}}},"fnMap":{},"branchMap":{},"s":{"0":3,"1":3,"2":3,"3":3,"4":3,"5":3,"6":3,"7":3,"8":3},"f":{},"b":{},"_coverageSchema":"1a1c01bbd47fc00a2c39e90264f33305004495a9","hash":"35023e63c29fa08befeb7abfee6289affbd792f3"}
,"C:\\Users\\bheng\\Music\\Hackthon AI Health Gen\\backend\\routes\\alerts.js": {"path":"C:\\Users\\bheng\\Music\\Hackthon AI Health Gen\\backend\\routes\\alerts.js","statementMap":{"0":{"start":{"line":1,"column":16},"end":{"line":1,"column":34}},"1":{"start":{"line":2,"column":42},"end":{"line":2,"column":70}},"2":{"start":{"line":3,"column":24},"end":{"line":3,"column":44}},"3":{"start":{"line":4,"column":17},"end":{"line":4,"column":46}},"4":{"start":{"line":6,"column":15},"end":{"line":6,"column":31}},"5":{"start":{"line":11,"column":0},"end":{"line":88,"column":3}},"6":{"start":{"line":34,"column":2},"end":{"line":87,"column":3}},"7":{"start":{"line":36,"column":19},"end":{"line":36,"column":40}},"8":{"start":{"line":37,"column":4},"end":{"line":42,"column":5}},"9":{"start":{"line":38,"column":6},"end":{"line":41,"column":9}},"10":{"start":{"line":44,"column":17},"end":{"line":44,"column":46}},"11":{"start":{"line":45,"column":18},"end":{"line":45,"column":49}},"12":{"start":{"line":46,"column":19},"end":{"line":46,"column":37}},"13":{"start":{"line":49,"column":24},"end":{"line":49,"column":47}},"14":{"start":{"line":50,"column":4},"end":{"line":50,"column":64}},"15":{"start":{"line":50,"column":26},"end":{"line":50,"column":64}},"16":{"start":{"line":51,"column":4},"end":{"line":51,"column":70}},"17":{"start":{"line":51,"column":28},"end":{"line":51,"column":70}},"18":{"start":{"line":52,"column":4},"end":{"line":52,"column":58}},"19":{"start":{"line":52,"column":24},"end":{"line":52,"column":58}},"20":{"start":{"line":54,"column":36},"end":{"line":67,"column":6}},"21":{"start":{"line":69,"column":23},"end":{"line":69,"column":47}},"22":{"start":{"line":71,"column":4},"end":{"line":81,"column":7}},"23":{"start":{"line":83,"column":4},"end":{"line":83,"column":46}},"24":{"start":{"line":84,"column":4},"end":{"line":86,"column":7}},"25":{"start":{"line":93,"column":0},"end":{"line":107,"column":3}},"26":{"start":{"line":94,"column":2},"end":{"line":106,"column":3}},"27":{"start":{"line":95,"column":19},"end":{"line":95,"column":60}},"28":{"start":{"line":97,"column":4},"end":{"line":100,"column":7}},"29":{"start":{"line":102,"column":4},"end":{"line":102,"column":53}},"30":{"start":{"line":103,"column":4},"end":{"line":105,"column":7}},"31":{"start":{"line":112,"column":0},"end":{"line":139,"column":3}},"32":{"start":{"line":113,"column":2},"end":{"line":138,"column":3}},"33":{"start":{"line":114,"column":18},"end":{"line":124,"column":6}},"34":{"start":{"line":126,"column":4},"end":{"line":130,"column":5}},"35":{"start":{"line":127,"column":6},"end":{"line":129,"column":9}},"36":{"start":{"line":132,"column":4},"end":{"line":132,"column":24}},"37":{"start":{"line":134,"column":4},"end":{"line":134,"column":45}},"38":{"start":{"line":135,"column":4},"end":{"line":137,"column":7}},"39":{"start":{"line":144,"column":0},"end":{"line":208,"column":3}},"40":{"start":{"line":168,"column":2},"end":{"line":207,"column":3}},"41":{"start":{"line":170,"column":19},"end":{"line":170,"column":40}},"42":{"start":{"line":171,"column":4},"end":{"line":176,"column":5}},"43":{"start":{"line":172,"column":6},"end":{"line":175,"column":9}},"44":{"start":{"line":178,"column":57},"end":{"line":178,"column":65}},"45":{"start":{"line":180,"column":18},"end":{"line":187,"column":6}},"46":{"start":{"line":190,"column":25},"end":{"line":196,"column":6}},"47":{"start":{"line":198,"column":4},"end":{"line":201,"column":7}},"48":{"start":{"line":203,"column":4},"end":{"line":203,"column":48}},"49":{"start":{"line":204,"column":4},"end":{"line":206,"column":7}},"50":{"start":{"line":213,"column":0},"end":{"line":300,"column":3}},"51":{"start":{"line":238,"column":2},"end":{"line":299,"column":3}},"52":{"start":{"line":240,"column":19},"end":{"line":240,"column":40}},"53":{"start":{"line":241,"column":4},"end":{"line":246,"column":5}},"54":{"start":{"line":242,"column":6},"end":{"line":245,"column":9}},"55":{"start":{"line":248,"column":18},"end":{"line":253,"column":6}},"56":{"start":{"line":255,"column":4},"end":{"line":259,"column":5}},"57":{"start":{"line":256,"column":6},"end":{"line":258,"column":9}},"58":{"start":{"line":261,"column":65},"end":{"line":261,"column":73}},"59":{"start":{"line":262,"column":23},"end":{"line":262,"column":25}},"60":{"start":{"line":264,"column":4},"end":{"line":264,"column":40}},"61":{"start":{"line":264,"column":15},"end":{"line":264,"column":40}},"62":{"start":{"line":265,"column":4},"end":{"line":265,"column":60}},"63":{"start":{"line":265,"column":31},"end":{"line":265,"column":60}},"64":{"start":{"line":266,"column":4},"end":{"line":274,"column":5}},"65":{"start":{"line":267,"column":6},"end":{"line":267,"column":33}},"66":{"start":{"line":268,"column":6},"end":{"line":270,"column":7}},"67":{"start":{"line":269,"column":8},"end":{"line":269,"column":47}},"68":{"start":{"line":271,"column":6},"end":{"line":273,"column":7}},"69":{"start":{"line":272,"column":8},"end":{"line":272,"column":43}},"70":{"start":{"line":275,"column":4},"end":{"line":275,"column":49}},"71":{"start":{"line":275,"column":18},"end":{"line":275,"column":49}},"72":{"start":{"line":276,"column":4},"end":{"line":276,"column":37}},"73":{"start":{"line":276,"column":14},"end":{"line":276,"column":37}},"74":{"start":{"line":277,"column":4},"end":{"line":277,"column":75}},"75":{"start":{"line":277,"column":18},"end":{"line":277,"column":75}},"76":{"start":{"line":279,"column":4},"end":{"line":279,"column":35}},"77":{"start":{"line":282,"column":25},"end":{"line":288,"column":6}},"78":{"start":{"line":290,"column":4},"end":{"line":293,"column":7}},"79":{"start":{"line":295,"column":4},"end":{"line":295,"column":48}},"80":{"start":{"line":296,"column":4},"end":{"line":298,"column":7}},"81":{"start":{"line":305,"column":0},"end":{"line":332,"column":3}},"82":{"start":{"line":306,"column":2},"end":{"line":331,"column":3}},"83":{"start":{"line":307,"column":18},"end":{"line":312,"column":6}},"84":{"start":{"line":314,"column":4},"end":{"line":318,"column":5}},"85":{"start":{"line":315,"column":6},"end":{"line":317,"column":9}},"86":{"start":{"line":320,"column":4},"end":{"line":320,"column":30}},"87":{"start":{"line":322,"column":4},"end":{"line":325,"column":7}},"88":{"start":{"line":327,"column":4},"end":{"line":327,"column":53}},"89":{"start":{"line":328,"column":4},"end":{"line":330,"column":7}},"90":{"start":{"line":337,"column":0},"end":{"line":364,"column":3}},"91":{"start":{"line":338,"column":2},"end":{"line":363,"column":3}},"92":{"start":{"line":339,"column":18},"end":{"line":344,"column":6}},"93":{"start":{"line":346,"column":4},"end":{"line":350,"column":5}},"94":{"start":{"line":347,"column":6},"end":{"line":349,"column":9}},"95":{"start":{"line":352,"column":4},"end":{"line":352,"column":26}},"96":{"start":{"line":354,"column":4},"end":{"line":357,"column":7}},"97":{"start":{"line":359,"column":4},"end":{"line":359,"column":49}},"98":{"start":{"line":360,"column":4},"end":{"line":362,"column":7}},"99":{"start":{"line":369,"column":0},"end":{"line":395,"column":3}},"100":{"start":{"line":370,"column":2},"end":{"line":394,"column":3}},"101":{"start":{"line":371,"column":18},"end":{"line":376,"column":6}},"102":{"start":{"line":378,"column":4},"end":{"line":382,"column":5}},"103":{"start":{"line":379,"column":6},"end":{"line":381,"column":9}},"104":{"start":{"line":384,"column":4},"end":{"line":384,"column":26}},"105":{"start":{"line":386,"column":4},"end":{"line":388,"column":7}},"106":{"start":{"line":390,"column":4},"end":{"line":390,"column":48}},"107":{"start":{"line":391,"column":4},"end":{"line":393,"column":7}},"108":{"start":{"line":400,"column":0},"end":{"line":441,"column":3}},"109":{"start":{"line":401,"column":2},"end":{"line":440,"column":3}},"110":{"start":{"line":402,"column":63},"end":{"line":408,"column":6}},"111":{"start":{"line":410,"column":26},"end":{"line":418,"column":6}},"112":{"start":{"line":420,"column":4},"end":{"line":434,"column":7}},"113":{"start":{"line":430,"column":10},"end":{"line":430,"column":52}},"114":{"start":{"line":431,"column":10},"end":{"line":431,"column":21}},"115":{"start":{"line":436,"column":4},"end":{"line":436,"column":51}},"116":{"start":{"line":437,"column":4},"end":{"line":439,"column":7}},"117":{"start":{"line":443,"column":0},"end":{"line":443,"column":24}}},"fnMap":{"0":{"name":"(anonymous_0)","decl":{"start":{"line":33,"column":3},"end":{"line":33,"column":4}},"loc":{"start":{"line":33,"column":23},"end":{"line":88,"column":1}},"line":33},"1":{"name":"(anonymous_1)","decl":{"start":{"line":93,"column":28},"end":{"line":93,"column":29}},"loc":{"start":{"line":93,"column":48},"end":{"line":107,"column":1}},"line":93},"2":{"name":"(anonymous_2)","decl":{"start":{"line":112,"column":25},"end":{"line":112,"column":26}},"loc":{"start":{"line":112,"column":45},"end":{"line":139,"column":1}},"line":112},"3":{"name":"(anonymous_3)","decl":{"start":{"line":167,"column":3},"end":{"line":167,"column":4}},"loc":{"start":{"line":167,"column":23},"end":{"line":208,"column":1}},"line":167},"4":{"name":"(anonymous_4)","decl":{"start":{"line":237,"column":3},"end":{"line":237,"column":4}},"loc":{"start":{"line":237,"column":23},"end":{"line":300,"column":1}},"line":237},"5":{"name":"(anonymous_5)","decl":{"start":{"line":305,"column":37},"end":{"line":305,"column":38}},"loc":{"start":{"line":305,"column":57},"end":{"line":332,"column":1}},"line":305},"6":{"name":"(anonymous_6)","decl":{"start":{"line":337,"column":33},"end":{"line":337,"column":34}},"loc":{"start":{"line":337,"column":53},"end":{"line":364,"column":1}},"line":337},"7":{"name":"(anonymous_7)","decl":{"start":{"line":369,"column":28},"end":{"line":369,"column":29}},"loc":{"start":{"line":369,"column":48},"end":{"line":395,"column":1}},"line":369},"8":{"name":"(anonymous_8)","decl":{"start":{"line":400,"column":35},"end":{"line":400,"column":36}},"loc":{"start":{"line":400,"column":55},"end":{"line":441,"column":1}},"line":400},"9":{"name":"(anonymous_9)","decl":{"start":{"line":429,"column":41},"end":{"line":429,"column":42}},"loc":{"start":{"line":429,"column":56},"end":{"line":432,"column":9}},"line":429}},"branchMap":{"0":{"loc":{"start":{"line":37,"column":4},"end":{"line":42,"column":5}},"type":"if","locations":[{"start":{"line":37,"column":4},"end":{"line":42,"column":5}},{"start":{},"end":{}}],"line":37},"1":{"loc":{"start":{"line":44,"column":17},"end":{"line":44,"column":46}},"type":"binary-expr","locations":[{"start":{"line":44,"column":17},"end":{"line":44,"column":41}},{"start":{"line":44,"column":45},"end":{"line":44,"column":46}}],"line":44},"2":{"loc":{"start":{"line":45,"column":18},"end":{"line":45,"column":49}},"type":"binary-expr","locations":[{"start":{"line":45,"column":18},"end":{"line":45,"column":43}},{"start":{"line":45,"column":47},"end":{"line":45,"column":49}}],"line":45},"3":{"loc":{"start":{"line":50,"column":4},"end":{"line":50,"column":64}},"type":"if","locations":[{"start":{"line":50,"column":4},"end":{"line":50,"column":64}},{"start":{},"end":{}}],"line":50},"4":{"loc":{"start":{"line":51,"column":4},"end":{"line":51,"column":70}},"type":"if","locations":[{"start":{"line":51,"column":4},"end":{"line":51,"column":70}},{"start":{},"end":{}}],"line":51},"5":{"loc":{"start":{"line":52,"column":4},"end":{"line":52,"column":58}},"type":"if","locations":[{"start":{"line":52,"column":4},"end":{"line":52,"column":58}},{"start":{},"end":{}}],"line":52},"6":{"loc":{"start":{"line":126,"column":4},"end":{"line":130,"column":5}},"type":"if","locations":[{"start":{"line":126,"column":4},"end":{"line":130,"column":5}},{"start":{},"end":{}}],"line":126},"7":{"loc":{"start":{"line":171,"column":4},"end":{"line":176,"column":5}},"type":"if","locations":[{"start":{"line":171,"column":4},"end":{"line":176,"column":5}},{"start":{},"end":{}}],"line":171},"8":{"loc":{"start":{"line":183,"column":16},"end":{"line":183,"column":36}},"type":"binary-expr","locations":[{"start":{"line":183,"column":16},"end":{"line":183,"column":24}},{"start":{"line":183,"column":28},"end":{"line":183,"column":36}}],"line":183},"9":{"loc":{"start":{"line":184,"column":12},"end":{"line":184,"column":29}},"type":"binary-expr","locations":[{"start":{"line":184,"column":12},"end":{"line":184,"column":16}},{"start":{"line":184,"column":20},"end":{"line":184,"column":29}}],"line":184},"10":{"loc":{"start":{"line":185,"column":16},"end":{"line":185,"column":30}},"type":"binary-expr","locations":[{"start":{"line":185,"column":16},"end":{"line":185,"column":24}},{"start":{"line":185,"column":28},"end":{"line":185,"column":30}}],"line":185},"11":{"loc":{"start":{"line":241,"column":4},"end":{"line":246,"column":5}},"type":"if","locations":[{"start":{"line":241,"column":4},"end":{"line":246,"column":5}},{"start":{},"end":{}}],"line":241},"12":{"loc":{"start":{"line":255,"column":4},"end":{"line":259,"column":5}},"type":"if","locations":[{"start":{"line":255,"column":4},"end":{"line":259,"column":5}},{"start":{},"end":{}}],"line":255},"13":{"loc":{"start":{"line":264,"column":4},"end":{"line":264,"column":40}},"type":"if","locations":[{"start":{"line":264,"column":4},"end":{"line":264,"column":40}},{"start":{},"end":{}}],"line":264},"14":{"loc":{"start":{"line":265,"column":4},"end":{"line":265,"column":60}},"type":"if","locations":[{"start":{"line":265,"column":4},"end":{"line":265,"column":60}},{"start":{},"end":{}}],"line":265},"15":{"loc":{"start":{"line":266,"column":4},"end":{"line":274,"column":5}},"type":"if","locations":[{"start":{"line":266,"column":4},"end":{"line":274,"column":5}},{"start":{},"end":{}}],"line":266},"16":{"loc":{"start":{"line":268,"column":6},"end":{"line":270,"column":7}},"type":"if","locations":[{"start":{"line":268,"column":6},"end":{"line":270,"column":7}},{"start":{},"end":{}}],"line":268},"17":{"loc":{"start":{"line":268,"column":10},"end":{"line":268,"column":60}},"type":"binary-expr","locations":[{"start":{"line":268,"column":10},"end":{"line":268,"column":35}},{"start":{"line":268,"column":39},"end":{"line":268,"column":60}}],"line":268},"18":{"loc":{"start":{"line":271,"column":6},"end":{"line":273,"column":7}},"type":"if","locations":[{"start":{"line":271,"column":6},"end":{"line":273,"column":7}},{"start":{},"end":{}}],"line":271},"19":{"loc":{"start":{"line":271,"column":10},"end":{"line":271,"column":52}},"type":"binary-expr","locations":[{"start":{"line":271,"column":10},"end":{"line":271,"column":31}},{"start":{"line":271,"column":35},"end":{"line":271,"column":52}}],"line":271},"20":{"loc":{"start":{"line":275,"column":4},"end":{"line":275,"column":49}},"type":"if","locations":[{"start":{"line":275,"column":4},"end":{"line":275,"column":49}},{"start":{},"end":{}}],"line":275},"21":{"loc":{"start":{"line":276,"column":4},"end":{"line":276,"column":37}},"type":"if","locations":[{"start":{"line":276,"column":4},"end":{"line":276,"column":37}},{"start":{},"end":{}}],"line":276},"22":{"loc":{"start":{"line":277,"column":4},"end":{"line":277,"column":75}},"type":"if","locations":[{"start":{"line":277,"column":4},"end":{"line":277,"column":75}},{"start":{},"end":{}}],"line":277},"23":{"loc":{"start":{"line":314,"column":4},"end":{"line":318,"column":5}},"type":"if","locations":[{"start":{"line":314,"column":4},"end":{"line":318,"column":5}},{"start":{},"end":{}}],"line":314},"24":{"loc":{"start":{"line":346,"column":4},"end":{"line":350,"column":5}},"type":"if","locations":[{"start":{"line":346,"column":4},"end":{"line":350,"column":5}},{"start":{},"end":{}}],"line":346},"25":{"loc":{"start":{"line":378,"column":4},"end":{"line":382,"column":5}},"type":"if","locations":[{"start":{"line":378,"column":4},"end":{"line":382,"column":5}},{"start":{},"end":{}}],"line":378}},"s":{"0":2,"1":2,"2":2,"3":2,"4":2,"5":2,"6":0,"7":0,"8":0,"9":0,"10":0,"11":0,"12":0,"13":0,"14":0,"15":0,"16":0,"17":0,"18":0,"19":0,"20":0,"21":0,"22":0,"23":0,"24":0,"25":2,"26":0,"27":0,"28":0,"29":0,"30":0,"31":2,"32":0,"33":0,"34":0,"35":0,"36":0,"37":0,"38":0,"39":2,"40":0,"41":0,"42":0,"43":0,"44":0,"45":0,"46":0,"47":0,"48":0,"49":0,"50":2,"51":0,"52":0,"53":0,"54":0,"55":0,"56":0,"57":0,"58":0,"59":0,"60":0,"61":0,"62":0,"63":0,"64":0,"65":0,"66":0,"67":0,"68":0,"69":0,"70":0,"71":0,"72":0,"73":0,"74":0,"75":0,"76":0,"77":0,"78":0,"79":0,"80":0,"81":2,"82":0,"83":0,"84":0,"85":0,"86":0,"87":0,"88":0,"89":0,"90":2,"91":0,"92":0,"93":0,"94":0,"95":0,"96":0,"97":0,"98":0,"99":2,"100":0,"101":0,"102":0,"103":0,"104":0,"105":0,"106":0,"107":0,"108":2,"109":0,"110":0,"111":0,"112":0,"113":0,"114":0,"115":0,"116":0,"117":2},"f":{"0":0,"1":0,"2":0,"3":0,"4":0,"5":0,"6":0,"7":0,"8":0,"9":0},"b":{"0":[0,0],"1":[0,0],"2":[0,0],"3":[0,0],"4":[0,0],"5":[0,0],"6":[0,0],"7":[0,0],"8":[0,0],"9":[0,0],"10":[0,0],"11":[0,0],"12":[0,0],"13":[0,0],"14":[0,0],"15":[0,0],"16":[0,0],"17":[0,0],"18":[0,0],"19":[0,0],"20":[0,0],"21":[0,0],"22":[0,0],"23":[0,0],"24":[0,0],"25":[0,0]},"_coverageSchema":"1a1c01bbd47fc00a2c39e90264f33305004495a9","hash":"a8b4035f3f6f451cbd0235b93311f798450068fe"}
,"C:\\Users\\bheng\\Music\\Hackthon AI Health Gen\\backend\\routes\\auth.js": {"path":"C:\\Users\\bheng\\Music\\Hackthon AI Health Gen\\backend\\routes\\auth.js","statementMap":{"0":{"start":{"line":1,"column":16},"end":{"line":1,"column":34}},"1":{"start":{"line":2,"column":12},"end":{"line":2,"column":35}},"2":{"start":{"line":3,"column":35},"end":{"line":3,"column":63}},"3":{"start":{"line":4,"column":17},"end":{"line":4,"column":37}},"4":{"start":{"line":5,"column":17},"end":{"line":5,"column":46}},"5":{"start":{"line":7,"column":15},"end":{"line":7,"column":31}},"6":{"start":{"line":10,"column":22},"end":{"line":16,"column":1}},"7":{"start":{"line":11,"column":2},"end":{"line":15,"column":4}},"8":{"start":{"line":21,"column":0},"end":{"line":81,"column":3}},"9":{"start":{"line":34,"column":2},"end":{"line":80,"column":3}},"10":{"start":{"line":36,"column":19},"end":{"line":36,"column":40}},"11":{"start":{"line":37,"column":4},"end":{"line":42,"column":5}},"12":{"start":{"line":38,"column":6},"end":{"line":41,"column":9}},"13":{"start":{"line":44,"column":38},"end":{"line":44,"column":46}},"14":{"start":{"line":47,"column":25},"end":{"line":47,"column":54}},"15":{"start":{"line":48,"column":4},"end":{"line":52,"column":5}},"16":{"start":{"line":49,"column":6},"end":{"line":51,"column":9}},"17":{"start":{"line":55,"column":17},"end":{"line":59,"column":6}},"18":{"start":{"line":62,"column":18},"end":{"line":62,"column":40}},"19":{"start":{"line":64,"column":4},"end":{"line":73,"column":7}},"20":{"start":{"line":75,"column":4},"end":{"line":75,"column":48}},"21":{"start":{"line":76,"column":4},"end":{"line":79,"column":7}},"22":{"start":{"line":86,"column":0},"end":{"line":154,"column":3}},"23":{"start":{"line":95,"column":2},"end":{"line":153,"column":3}},"24":{"start":{"line":97,"column":19},"end":{"line":97,"column":40}},"25":{"start":{"line":98,"column":4},"end":{"line":103,"column":5}},"26":{"start":{"line":99,"column":6},"end":{"line":102,"column":9}},"27":{"start":{"line":105,"column":32},"end":{"line":105,"column":40}},"28":{"start":{"line":108,"column":17},"end":{"line":108,"column":46}},"29":{"start":{"line":109,"column":4},"end":{"line":113,"column":5}},"30":{"start":{"line":110,"column":6},"end":{"line":112,"column":9}},"31":{"start":{"line":116,"column":4},"end":{"line":120,"column":5}},"32":{"start":{"line":117,"column":6},"end":{"line":119,"column":9}},"33":{"start":{"line":123,"column":28},"end":{"line":123,"column":64}},"34":{"start":{"line":124,"column":4},"end":{"line":128,"column":5}},"35":{"start":{"line":125,"column":6},"end":{"line":127,"column":9}},"36":{"start":{"line":131,"column":4},"end":{"line":131,"column":49}},"37":{"start":{"line":134,"column":18},"end":{"line":134,"column":40}},"38":{"start":{"line":136,"column":4},"end":{"line":146,"column":7}},"39":{"start":{"line":148,"column":4},"end":{"line":148,"column":41}},"40":{"start":{"line":149,"column":4},"end":{"line":152,"column":7}},"41":{"start":{"line":159,"column":0},"end":{"line":177,"column":3}},"42":{"start":{"line":160,"column":2},"end":{"line":176,"column":3}},"43":{"start":{"line":161,"column":4},"end":{"line":170,"column":7}},"44":{"start":{"line":172,"column":4},"end":{"line":172,"column":44}},"45":{"start":{"line":173,"column":4},"end":{"line":175,"column":7}},"46":{"start":{"line":182,"column":0},"end":{"line":188,"column":3}},"47":{"start":{"line":185,"column":2},"end":{"line":187,"column":5}},"48":{"start":{"line":193,"column":0},"end":{"line":207,"column":3}},"49":{"start":{"line":194,"column":2},"end":{"line":206,"column":3}},"50":{"start":{"line":195,"column":18},"end":{"line":195,"column":44}},"51":{"start":{"line":197,"column":4},"end":{"line":200,"column":7}},"52":{"start":{"line":202,"column":4},"end":{"line":202,"column":49}},"53":{"start":{"line":203,"column":4},"end":{"line":205,"column":7}},"54":{"start":{"line":209,"column":0},"end":{"line":209,"column":24}}},"fnMap":{"0":{"name":"(anonymous_0)","decl":{"start":{"line":10,"column":22},"end":{"line":10,"column":23}},"loc":{"start":{"line":10,"column":34},"end":{"line":16,"column":1}},"line":10},"1":{"name":"(anonymous_1)","decl":{"start":{"line":33,"column":3},"end":{"line":33,"column":4}},"loc":{"start":{"line":33,"column":23},"end":{"line":81,"column":1}},"line":33},"2":{"name":"(anonymous_2)","decl":{"start":{"line":94,"column":3},"end":{"line":94,"column":4}},"loc":{"start":{"line":94,"column":23},"end":{"line":154,"column":1}},"line":94},"3":{"name":"(anonymous_3)","decl":{"start":{"line":159,"column":24},"end":{"line":159,"column":25}},"loc":{"start":{"line":159,"column":44},"end":{"line":177,"column":1}},"line":159},"4":{"name":"(anonymous_4)","decl":{"start":{"line":182,"column":29},"end":{"line":182,"column":30}},"loc":{"start":{"line":182,"column":43},"end":{"line":188,"column":1}},"line":182},"5":{"name":"(anonymous_5)","decl":{"start":{"line":193,"column":30},"end":{"line":193,"column":31}},"loc":{"start":{"line":193,"column":50},"end":{"line":207,"column":1}},"line":193}},"branchMap":{"0":{"loc":{"start":{"line":14,"column":17},"end":{"line":14,"column":51}},"type":"binary-expr","locations":[{"start":{"line":14,"column":17},"end":{"line":14,"column":43}},{"start":{"line":14,"column":47},"end":{"line":14,"column":51}}],"line":14},"1":{"loc":{"start":{"line":37,"column":4},"end":{"line":42,"column":5}},"type":"if","locations":[{"start":{"line":37,"column":4},"end":{"line":42,"column":5}},{"start":{},"end":{}}],"line":37},"2":{"loc":{"start":{"line":48,"column":4},"end":{"line":52,"column":5}},"type":"if","locations":[{"start":{"line":48,"column":4},"end":{"line":52,"column":5}},{"start":{},"end":{}}],"line":48},"3":{"loc":{"start":{"line":78,"column":13},"end":{"line":78,"column":72}},"type":"cond-expr","locations":[{"start":{"line":78,"column":54},"end":{"line":78,"column":67}},{"start":{"line":78,"column":70},"end":{"line":78,"column":72}}],"line":78},"4":{"loc":{"start":{"line":98,"column":4},"end":{"line":103,"column":5}},"type":"if","locations":[{"start":{"line":98,"column":4},"end":{"line":103,"column":5}},{"start":{},"end":{}}],"line":98},"5":{"loc":{"start":{"line":109,"column":4},"end":{"line":113,"column":5}},"type":"if","locations":[{"start":{"line":109,"column":4},"end":{"line":113,"column":5}},{"start":{},"end":{}}],"line":109},"6":{"loc":{"start":{"line":116,"column":4},"end":{"line":120,"column":5}},"type":"if","locations":[{"start":{"line":116,"column":4},"end":{"line":120,"column":5}},{"start":{},"end":{}}],"line":116},"7":{"loc":{"start":{"line":124,"column":4},"end":{"line":128,"column":5}},"type":"if","locations":[{"start":{"line":124,"column":4},"end":{"line":128,"column":5}},{"start":{},"end":{}}],"line":124},"8":{"loc":{"start":{"line":151,"column":13},"end":{"line":151,"column":72}},"type":"cond-expr","locations":[{"start":{"line":151,"column":54},"end":{"line":151,"column":67}},{"start":{"line":151,"column":70},"end":{"line":151,"column":72}}],"line":151}},"s":{"0":2,"1":2,"2":2,"3":2,"4":2,"5":2,"6":2,"7":0,"8":2,"9":0,"10":0,"11":0,"12":0,"13":0,"14":0,"15":0,"16":0,"17":0,"18":0,"19":0,"20":0,"21":0,"22":2,"23":0,"24":0,"25":0,"26":0,"27":0,"28":0,"29":0,"30":0,"31":0,"32":0,"33":0,"34":0,"35":0,"36":0,"37":0,"38":0,"39":0,"40":0,"41":2,"42":0,"43":0,"44":0,"45":0,"46":2,"47":0,"48":2,"49":0,"50":0,"51":0,"52":0,"53":0,"54":2},"f":{"0":0,"1":0,"2":0,"3":0,"4":0,"5":0},"b":{"0":[0,0],"1":[0,0],"2":[0,0],"3":[0,0],"4":[0,0],"5":[0,0],"6":[0,0],"7":[0,0],"8":[0,0]},"_coverageSchema":"1a1c01bbd47fc00a2c39e90264f33305004495a9","hash":"3eda8cb99f7edbd40534cf90c50ad5823fd69625"}
,"C:\\Users\\bheng\\Music\\Hackthon AI Health Gen\\backend\\routes\\diagnosticTests.js": {"path":"C:\\Users\\bheng\\Music\\Hackthon AI Health Gen\\backend\\routes\\diagnosticTests.js","statementMap":{"0":{"start":{"line":1,"column":16},"end":{"line":1,"column":34}},"1":{"start":{"line":2,"column":42},"end":{"line":2,"column":70}},"2":{"start":{"line":3,"column":33},"end":{"line":3,"column":53}},"3":{"start":{"line":4,"column":17},"end":{"line":4,"column":46}},"4":{"start":{"line":6,"column":15},"end":{"line":6,"column":31}},"5":{"start":{"line":11,"column":0},"end":{"line":104,"column":3}},"6":{"start":{"line":42,"column":2},"end":{"line":103,"column":3}},"7":{"start":{"line":44,"column":19},"end":{"line":44,"column":40}},"8":{"start":{"line":45,"column":4},"end":{"line":50,"column":5}},"9":{"start":{"line":46,"column":6},"end":{"line":49,"column":9}},"10":{"start":{"line":52,"column":17},"end":{"line":52,"column":46}},"11":{"start":{"line":53,"column":18},"end":{"line":53,"column":49}},"12":{"start":{"line":54,"column":19},"end":{"line":54,"column":37}},"13":{"start":{"line":57,"column":24},"end":{"line":57,"column":47}},"14":{"start":{"line":58,"column":4},"end":{"line":58,"column":70}},"15":{"start":{"line":58,"column":28},"end":{"line":58,"column":70}},"16":{"start":{"line":59,"column":4},"end":{"line":59,"column":64}},"17":{"start":{"line":59,"column":26},"end":{"line":59,"column":64}},"18":{"start":{"line":60,"column":4},"end":{"line":60,"column":101}},"19":{"start":{"line":60,"column":44},"end":{"line":60,"column":101}},"20":{"start":{"line":63,"column":4},"end":{"line":71,"column":5}},"21":{"start":{"line":64,"column":6},"end":{"line":64,"column":28}},"22":{"start":{"line":65,"column":6},"end":{"line":67,"column":7}},"23":{"start":{"line":66,"column":8},"end":{"line":66,"column":89}},"24":{"start":{"line":68,"column":6},"end":{"line":70,"column":7}},"25":{"start":{"line":69,"column":8},"end":{"line":69,"column":87}},"26":{"start":{"line":73,"column":35},"end":{"line":83,"column":6}},"27":{"start":{"line":85,"column":23},"end":{"line":85,"column":47}},"28":{"start":{"line":87,"column":4},"end":{"line":97,"column":7}},"29":{"start":{"line":99,"column":4},"end":{"line":99,"column":56}},"30":{"start":{"line":100,"column":4},"end":{"line":102,"column":7}},"31":{"start":{"line":109,"column":0},"end":{"line":125,"column":3}},"32":{"start":{"line":110,"column":2},"end":{"line":124,"column":3}},"33":{"start":{"line":111,"column":17},"end":{"line":111,"column":47}},"34":{"start":{"line":112,"column":18},"end":{"line":112,"column":74}},"35":{"start":{"line":114,"column":4},"end":{"line":118,"column":7}},"36":{"start":{"line":120,"column":4},"end":{"line":120,"column":52}},"37":{"start":{"line":121,"column":4},"end":{"line":123,"column":7}},"38":{"start":{"line":130,"column":0},"end":{"line":144,"column":3}},"39":{"start":{"line":131,"column":2},"end":{"line":143,"column":3}},"40":{"start":{"line":132,"column":18},"end":{"line":132,"column":70}},"41":{"start":{"line":134,"column":4},"end":{"line":137,"column":7}},"42":{"start":{"line":139,"column":4},"end":{"line":139,"column":54}},"43":{"start":{"line":140,"column":4},"end":{"line":142,"column":7}},"44":{"start":{"line":149,"column":0},"end":{"line":176,"column":3}},"45":{"start":{"line":150,"column":2},"end":{"line":175,"column":3}},"46":{"start":{"line":151,"column":17},"end":{"line":161,"column":6}},"47":{"start":{"line":163,"column":4},"end":{"line":167,"column":5}},"48":{"start":{"line":164,"column":6},"end":{"line":166,"column":9}},"49":{"start":{"line":169,"column":4},"end":{"line":169,"column":23}},"50":{"start":{"line":171,"column":4},"end":{"line":171,"column":55}},"51":{"start":{"line":172,"column":4},"end":{"line":174,"column":7}},"52":{"start":{"line":181,"column":0},"end":{"line":296,"column":3}},"53":{"start":{"line":236,"column":2},"end":{"line":295,"column":3}},"54":{"start":{"line":238,"column":19},"end":{"line":238,"column":40}},"55":{"start":{"line":239,"column":4},"end":{"line":244,"column":5}},"56":{"start":{"line":240,"column":6},"end":{"line":243,"column":9}},"57":{"start":{"line":259,"column":8},"end":{"line":259,"column":16}},"58":{"start":{"line":261,"column":17},"end":{"line":275,"column":6}},"59":{"start":{"line":278,"column":24},"end":{"line":284,"column":6}},"60":{"start":{"line":286,"column":4},"end":{"line":289,"column":7}},"61":{"start":{"line":291,"column":4},"end":{"line":291,"column":58}},"62":{"start":{"line":292,"column":4},"end":{"line":294,"column":7}},"63":{"start":{"line":301,"column":0},"end":{"line":432,"column":3}},"64":{"start":{"line":359,"column":2},"end":{"line":431,"column":3}},"65":{"start":{"line":361,"column":19},"end":{"line":361,"column":40}},"66":{"start":{"line":362,"column":4},"end":{"line":367,"column":5}},"67":{"start":{"line":363,"column":6},"end":{"line":366,"column":9}},"68":{"start":{"line":369,"column":17},"end":{"line":374,"column":6}},"69":{"start":{"line":376,"column":4},"end":{"line":380,"column":5}},"70":{"start":{"line":377,"column":6},"end":{"line":379,"column":9}},"71":{"start":{"line":395,"column":8},"end":{"line":395,"column":16}},"72":{"start":{"line":397,"column":23},"end":{"line":397,"column":25}},"73":{"start":{"line":398,"column":4},"end":{"line":398,"column":37}},"74":{"start":{"line":398,"column":14},"end":{"line":398,"column":37}},"75":{"start":{"line":399,"column":4},"end":{"line":399,"column":43}},"76":{"start":{"line":399,"column":16},"end":{"line":399,"column":43}},"77":{"start":{"line":400,"column":4},"end":{"line":400,"column":37}},"78":{"start":{"line":400,"column":14},"end":{"line":400,"column":37}},"79":{"start":{"line":401,"column":4},"end":{"line":401,"column":49}},"80":{"start":{"line":401,"column":18},"end":{"line":401,"column":49}},"81":{"start":{"line":402,"column":4},"end":{"line":402,"column":43}},"82":{"start":{"line":402,"column":16},"end":{"line":402,"column":43}},"83":{"start":{"line":403,"column":4},"end":{"line":403,"column":72}},"84":{"start":{"line":403,"column":35},"end":{"line":403,"column":72}},"85":{"start":{"line":404,"column":4},"end":{"line":404,"column":54}},"86":{"start":{"line":404,"column":29},"end":{"line":404,"column":54}},"87":{"start":{"line":405,"column":4},"end":{"line":405,"column":54}},"88":{"start":{"line":405,"column":29},"end":{"line":405,"column":54}},"89":{"start":{"line":406,"column":4},"end":{"line":406,"column":69}},"90":{"start":{"line":406,"column":34},"end":{"line":406,"column":69}},"91":{"start":{"line":407,"column":4},"end":{"line":407,"column":60}},"92":{"start":{"line":407,"column":31},"end":{"line":407,"column":60}},"93":{"start":{"line":408,"column":4},"end":{"line":408,"column":69}},"94":{"start":{"line":408,"column":34},"end":{"line":408,"column":69}},"95":{"start":{"line":409,"column":4},"end":{"line":409,"column":58}},"96":{"start":{"line":409,"column":21},"end":{"line":409,"column":58}},"97":{"start":{"line":411,"column":4},"end":{"line":411,"column":34}},"98":{"start":{"line":414,"column":24},"end":{"line":420,"column":6}},"99":{"start":{"line":422,"column":4},"end":{"line":425,"column":7}},"100":{"start":{"line":427,"column":4},"end":{"line":427,"column":58}},"101":{"start":{"line":428,"column":4},"end":{"line":430,"column":7}},"102":{"start":{"line":437,"column":0},"end":{"line":464,"column":3}},"103":{"start":{"line":438,"column":2},"end":{"line":463,"column":3}},"104":{"start":{"line":439,"column":17},"end":{"line":444,"column":6}},"105":{"start":{"line":446,"column":4},"end":{"line":450,"column":5}},"106":{"start":{"line":447,"column":6},"end":{"line":449,"column":9}},"107":{"start":{"line":452,"column":4},"end":{"line":452,"column":32}},"108":{"start":{"line":454,"column":4},"end":{"line":457,"column":7}},"109":{"start":{"line":459,"column":4},"end":{"line":459,"column":47}},"110":{"start":{"line":460,"column":4},"end":{"line":462,"column":7}},"111":{"start":{"line":469,"column":0},"end":{"line":495,"column":3}},"112":{"start":{"line":470,"column":2},"end":{"line":494,"column":3}},"113":{"start":{"line":471,"column":17},"end":{"line":476,"column":6}},"114":{"start":{"line":478,"column":4},"end":{"line":482,"column":5}},"115":{"start":{"line":479,"column":6},"end":{"line":481,"column":9}},"116":{"start":{"line":484,"column":4},"end":{"line":484,"column":25}},"117":{"start":{"line":486,"column":4},"end":{"line":488,"column":7}},"118":{"start":{"line":490,"column":4},"end":{"line":490,"column":58}},"119":{"start":{"line":491,"column":4},"end":{"line":493,"column":7}},"120":{"start":{"line":500,"column":0},"end":{"line":555,"column":3}},"121":{"start":{"line":501,"column":2},"end":{"line":554,"column":3}},"122":{"start":{"line":502,"column":60},"end":{"line":508,"column":6}},"123":{"start":{"line":510,"column":22},"end":{"line":518,"column":6}},"124":{"start":{"line":521,"column":26},"end":{"line":521,"column":36}},"125":{"start":{"line":522,"column":4},"end":{"line":522,"column":56}},"126":{"start":{"line":524,"column":24},"end":{"line":531,"column":6}},"127":{"start":{"line":533,"column":4},"end":{"line":548,"column":7}},"128":{"start":{"line":544,"column":10},"end":{"line":544,"column":52}},"129":{"start":{"line":545,"column":10},"end":{"line":545,"column":21}},"130":{"start":{"line":550,"column":4},"end":{"line":550,"column":50}},"131":{"start":{"line":551,"column":4},"end":{"line":553,"column":7}},"132":{"start":{"line":557,"column":0},"end":{"line":557,"column":24}}},"fnMap":{"0":{"name":"(anonymous_0)","decl":{"start":{"line":41,"column":3},"end":{"line":41,"column":4}},"loc":{"start":{"line":41,"column":23},"end":{"line":104,"column":1}},"line":41},"1":{"name":"(anonymous_1)","decl":{"start":{"line":109,"column":28},"end":{"line":109,"column":29}},"loc":{"start":{"line":109,"column":48},"end":{"line":125,"column":1}},"line":109},"2":{"name":"(anonymous_2)","decl":{"start":{"line":130,"column":30},"end":{"line":130,"column":31}},"loc":{"start":{"line":130,"column":50},"end":{"line":144,"column":1}},"line":130},"3":{"name":"(anonymous_3)","decl":{"start":{"line":149,"column":25},"end":{"line":149,"column":26}},"loc":{"start":{"line":149,"column":45},"end":{"line":176,"column":1}},"line":149},"4":{"name":"(anonymous_4)","decl":{"start":{"line":235,"column":3},"end":{"line":235,"column":4}},"loc":{"start":{"line":235,"column":23},"end":{"line":296,"column":1}},"line":235},"5":{"name":"(anonymous_5)","decl":{"start":{"line":358,"column":3},"end":{"line":358,"column":4}},"loc":{"start":{"line":358,"column":23},"end":{"line":432,"column":1}},"line":358},"6":{"name":"(anonymous_6)","decl":{"start":{"line":437,"column":32},"end":{"line":437,"column":33}},"loc":{"start":{"line":437,"column":52},"end":{"line":464,"column":1}},"line":437},"7":{"name":"(anonymous_7)","decl":{"start":{"line":469,"column":28},"end":{"line":469,"column":29}},"loc":{"start":{"line":469,"column":48},"end":{"line":495,"column":1}},"line":469},"8":{"name":"(anonymous_8)","decl":{"start":{"line":500,"column":35},"end":{"line":500,"column":36}},"loc":{"start":{"line":500,"column":55},"end":{"line":555,"column":1}},"line":500},"9":{"name":"(anonymous_9)","decl":{"start":{"line":543,"column":33},"end":{"line":543,"column":34}},"loc":{"start":{"line":543,"column":48},"end":{"line":546,"column":9}},"line":543}},"branchMap":{"0":{"loc":{"start":{"line":45,"column":4},"end":{"line":50,"column":5}},"type":"if","locations":[{"start":{"line":45,"column":4},"end":{"line":50,"column":5}},{"start":{},"end":{}}],"line":45},"1":{"loc":{"start":{"line":52,"column":17},"end":{"line":52,"column":46}},"type":"binary-expr","locations":[{"start":{"line":52,"column":17},"end":{"line":52,"column":41}},{"start":{"line":52,"column":45},"end":{"line":52,"column":46}}],"line":52},"2":{"loc":{"start":{"line":53,"column":18},"end":{"line":53,"column":49}},"type":"binary-expr","locations":[{"start":{"line":53,"column":18},"end":{"line":53,"column":43}},{"start":{"line":53,"column":47},"end":{"line":53,"column":49}}],"line":53},"3":{"loc":{"start":{"line":58,"column":4},"end":{"line":58,"column":70}},"type":"if","locations":[{"start":{"line":58,"column":4},"end":{"line":58,"column":70}},{"start":{},"end":{}}],"line":58},"4":{"loc":{"start":{"line":59,"column":4},"end":{"line":59,"column":64}},"type":"if","locations":[{"start":{"line":59,"column":4},"end":{"line":59,"column":64}},{"start":{},"end":{}}],"line":59},"5":{"loc":{"start":{"line":60,"column":4},"end":{"line":60,"column":101}},"type":"if","locations":[{"start":{"line":60,"column":4},"end":{"line":60,"column":101}},{"start":{},"end":{}}],"line":60},"6":{"loc":{"start":{"line":63,"column":4},"end":{"line":71,"column":5}},"type":"if","locations":[{"start":{"line":63,"column":4},"end":{"line":71,"column":5}},{"start":{},"end":{}}],"line":63},"7":{"loc":{"start":{"line":63,"column":8},"end":{"line":63,"column":46}},"type":"binary-expr","locations":[{"start":{"line":63,"column":8},"end":{"line":63,"column":26}},{"start":{"line":63,"column":30},"end":{"line":63,"column":46}}],"line":63},"8":{"loc":{"start":{"line":65,"column":6},"end":{"line":67,"column":7}},"type":"if","locations":[{"start":{"line":65,"column":6},"end":{"line":67,"column":7}},{"start":{},"end":{}}],"line":65},"9":{"loc":{"start":{"line":68,"column":6},"end":{"line":70,"column":7}},"type":"if","locations":[{"start":{"line":68,"column":6},"end":{"line":70,"column":7}},{"start":{},"end":{}}],"line":68},"10":{"loc":{"start":{"line":111,"column":17},"end":{"line":111,"column":47}},"type":"binary-expr","locations":[{"start":{"line":111,"column":17},"end":{"line":111,"column":41}},{"start":{"line":111,"column":45},"end":{"line":111,"column":47}}],"line":111},"11":{"loc":{"start":{"line":163,"column":4},"end":{"line":167,"column":5}},"type":"if","locations":[{"start":{"line":163,"column":4},"end":{"line":167,"column":5}},{"start":{},"end":{}}],"line":163},"12":{"loc":{"start":{"line":239,"column":4},"end":{"line":244,"column":5}},"type":"if","locations":[{"start":{"line":239,"column":4},"end":{"line":244,"column":5}},{"start":{},"end":{}}],"line":239},"13":{"loc":{"start":{"line":265,"column":16},"end":{"line":265,"column":37}},"type":"binary-expr","locations":[{"start":{"line":265,"column":16},"end":{"line":265,"column":24}},{"start":{"line":265,"column":28},"end":{"line":265,"column":37}}],"line":265},"14":{"loc":{"start":{"line":266,"column":14},"end":{"line":266,"column":35}},"type":"binary-expr","locations":[{"start":{"line":266,"column":14},"end":{"line":266,"column":20}},{"start":{"line":266,"column":24},"end":{"line":266,"column":35}}],"line":266},"15":{"loc":{"start":{"line":272,"column":18},"end":{"line":272,"column":37}},"type":"binary-expr","locations":[{"start":{"line":272,"column":18},"end":{"line":272,"column":28}},{"start":{"line":272,"column":32},"end":{"line":272,"column":37}}],"line":272},"16":{"loc":{"start":{"line":273,"column":19},"end":{"line":273,"column":36}},"type":"binary-expr","locations":[{"start":{"line":273,"column":19},"end":{"line":273,"column":30}},{"start":{"line":273,"column":34},"end":{"line":273,"column":36}}],"line":273},"17":{"loc":{"start":{"line":362,"column":4},"end":{"line":367,"column":5}},"type":"if","locations":[{"start":{"line":362,"column":4},"end":{"line":367,"column":5}},{"start":{},"end":{}}],"line":362},"18":{"loc":{"start":{"line":376,"column":4},"end":{"line":380,"column":5}},"type":"if","locations":[{"start":{"line":376,"column":4},"end":{"line":380,"column":5}},{"start":{},"end":{}}],"line":376},"19":{"loc":{"start":{"line":398,"column":4},"end":{"line":398,"column":37}},"type":"if","locations":[{"start":{"line":398,"column":4},"end":{"line":398,"column":37}},{"start":{},"end":{}}],"line":398},"20":{"loc":{"start":{"line":399,"column":4},"end":{"line":399,"column":43}},"type":"if","locations":[{"start":{"line":399,"column":4},"end":{"line":399,"column":43}},{"start":{},"end":{}}],"line":399},"21":{"loc":{"start":{"line":400,"column":4},"end":{"line":400,"column":37}},"type":"if","locations":[{"start":{"line":400,"column":4},"end":{"line":400,"column":37}},{"start":{},"end":{}}],"line":400},"22":{"loc":{"start":{"line":401,"column":4},"end":{"line":401,"column":49}},"type":"if","locations":[{"start":{"line":401,"column":4},"end":{"line":401,"column":49}},{"start":{},"end":{}}],"line":401},"23":{"loc":{"start":{"line":402,"column":4},"end":{"line":402,"column":43}},"type":"if","locations":[{"start":{"line":402,"column":4},"end":{"line":402,"column":43}},{"start":{},"end":{}}],"line":402},"24":{"loc":{"start":{"line":403,"column":4},"end":{"line":403,"column":72}},"type":"if","locations":[{"start":{"line":403,"column":4},"end":{"line":403,"column":72}},{"start":{},"end":{}}],"line":403},"25":{"loc":{"start":{"line":404,"column":4},"end":{"line":404,"column":54}},"type":"if","locations":[{"start":{"line":404,"column":4},"end":{"line":404,"column":54}},{"start":{},"end":{}}],"line":404},"26":{"loc":{"start":{"line":405,"column":4},"end":{"line":405,"column":54}},"type":"if","locations":[{"start":{"line":405,"column":4},"end":{"line":405,"column":54}},{"start":{},"end":{}}],"line":405},"27":{"loc":{"start":{"line":406,"column":4},"end":{"line":406,"column":69}},"type":"if","locations":[{"start":{"line":406,"column":4},"end":{"line":406,"column":69}},{"start":{},"end":{}}],"line":406},"28":{"loc":{"start":{"line":407,"column":4},"end":{"line":407,"column":60}},"type":"if","locations":[{"start":{"line":407,"column":4},"end":{"line":407,"column":60}},{"start":{},"end":{}}],"line":407},"29":{"loc":{"start":{"line":408,"column":4},"end":{"line":408,"column":69}},"type":"if","locations":[{"start":{"line":408,"column":4},"end":{"line":408,"column":69}},{"start":{},"end":{}}],"line":408},"30":{"loc":{"start":{"line":409,"column":4},"end":{"line":409,"column":58}},"type":"if","locations":[{"start":{"line":409,"column":4},"end":{"line":409,"column":58}},{"start":{},"end":{}}],"line":409},"31":{"loc":{"start":{"line":446,"column":4},"end":{"line":450,"column":5}},"type":"if","locations":[{"start":{"line":446,"column":4},"end":{"line":450,"column":5}},{"start":{},"end":{}}],"line":446},"32":{"loc":{"start":{"line":478,"column":4},"end":{"line":482,"column":5}},"type":"if","locations":[{"start":{"line":478,"column":4},"end":{"line":482,"column":5}},{"start":{},"end":{}}],"line":478}},"s":{"0":2,"1":2,"2":2,"3":2,"4":2,"5":2,"6":0,"7":0,"8":0,"9":0,"10":0,"11":0,"12":0,"13":0,"14":0,"15":0,"16":0,"17":0,"18":0,"19":0,"20":0,"21":0,"22":0,"23":0,"24":0,"25":0,"26":0,"27":0,"28":0,"29":0,"30":0,"31":2,"32":0,"33":0,"34":0,"35":0,"36":0,"37":0,"38":2,"39":0,"40":0,"41":0,"42":0,"43":0,"44":2,"45":0,"46":0,"47":0,"48":0,"49":0,"50":0,"51":0,"52":2,"53":0,"54":0,"55":0,"56":0,"57":0,"58":0,"59":0,"60":0,"61":0,"62":0,"63":2,"64":0,"65":0,"66":0,"67":0,"68":0,"69":0,"70":0,"71":0,"72":0,"73":0,"74":0,"75":0,"76":0,"77":0,"78":0,"79":0,"80":0,"81":0,"82":0,"83":0,"84":0,"85":0,"86":0,"87":0,"88":0,"89":0,"90":0,"91":0,"92":0,"93":0,"94":0,"95":0,"96":0,"97":0,"98":0,"99":0,"100":0,"101":0,"102":2,"103":0,"104":0,"105":0,"106":0,"107":0,"108":0,"109":0,"110":0,"111":2,"112":0,"113":0,"114":0,"115":0,"116":0,"117":0,"118":0,"119":0,"120":2,"121":0,"122":0,"123":0,"124":0,"125":0,"126":0,"127":0,"128":0,"129":0,"130":0,"131":0,"132":2},"f":{"0":0,"1":0,"2":0,"3":0,"4":0,"5":0,"6":0,"7":0,"8":0,"9":0},"b":{"0":[0,0],"1":[0,0],"2":[0,0],"3":[0,0],"4":[0,0],"5":[0,0],"6":[0,0],"7":[0,0],"8":[0,0],"9":[0,0],"10":[0,0],"11":[0,0],"12":[0,0],"13":[0,0],"14":[0,0],"15":[0,0],"16":[0,0],"17":[0,0],"18":[0,0],"19":[0,0],"20":[0,0],"21":[0,0],"22":[0,0],"23":[0,0],"24":[0,0],"25":[0,0],"26":[0,0],"27":[0,0],"28":[0,0],"29":[0,0],"30":[0,0],"31":[0,0],"32":[0,0]},"_coverageSchema":"1a1c01bbd47fc00a2c39e90264f33305004495a9","hash":"0b6ec498fef421aa8418e527479f0f0234a8989e"}
,"C:\\Users\\bheng\\Music\\Hackthon AI Health Gen\\backend\\routes\\users.js": {"path":"C:\\Users\\bheng\\Music\\Hackthon AI Health Gen\\backend\\routes\\users.js","statementMap":{"0":{"start":{"line":1,"column":16},"end":{"line":1,"column":34}},"1":{"start":{"line":2,"column":35},"end":{"line":2,"column":63}},"2":{"start":{"line":3,"column":17},"end":{"line":3,"column":37}},"3":{"start":{"line":4,"column":17},"end":{"line":4,"column":46}},"4":{"start":{"line":6,"column":15},"end":{"line":6,"column":31}},"5":{"start":{"line":11,"column":0},"end":{"line":41,"column":3}},"6":{"start":{"line":12,"column":2},"end":{"line":40,"column":3}},"7":{"start":{"line":13,"column":17},"end":{"line":15,"column":6}},"8":{"start":{"line":17,"column":4},"end":{"line":21,"column":5}},"9":{"start":{"line":18,"column":6},"end":{"line":20,"column":9}},"10":{"start":{"line":23,"column":4},"end":{"line":34,"column":7}},"11":{"start":{"line":36,"column":4},"end":{"line":36,"column":47}},"12":{"start":{"line":37,"column":4},"end":{"line":39,"column":7}},"13":{"start":{"line":46,"column":0},"end":{"line":109,"column":3}},"14":{"start":{"line":59,"column":2},"end":{"line":108,"column":3}},"15":{"start":{"line":61,"column":19},"end":{"line":61,"column":40}},"16":{"start":{"line":62,"column":4},"end":{"line":67,"column":5}},"17":{"start":{"line":63,"column":6},"end":{"line":66,"column":9}},"18":{"start":{"line":69,"column":28},"end":{"line":69,"column":36}},"19":{"start":{"line":70,"column":23},"end":{"line":70,"column":25}},"20":{"start":{"line":72,"column":4},"end":{"line":72,"column":37}},"21":{"start":{"line":72,"column":14},"end":{"line":72,"column":37}},"22":{"start":{"line":73,"column":4},"end":{"line":88,"column":5}},"23":{"start":{"line":75,"column":27},"end":{"line":80,"column":8}},"24":{"start":{"line":82,"column":6},"end":{"line":86,"column":7}},"25":{"start":{"line":83,"column":8},"end":{"line":85,"column":11}},"26":{"start":{"line":87,"column":6},"end":{"line":87,"column":31}},"27":{"start":{"line":91,"column":4},"end":{"line":91,"column":38}},"28":{"start":{"line":93,"column":4},"end":{"line":102,"column":7}},"29":{"start":{"line":104,"column":4},"end":{"line":104,"column":50}},"30":{"start":{"line":105,"column":4},"end":{"line":107,"column":7}},"31":{"start":{"line":114,"column":0},"end":{"line":169,"column":3}},"32":{"start":{"line":133,"column":2},"end":{"line":168,"column":3}},"33":{"start":{"line":135,"column":19},"end":{"line":135,"column":40}},"34":{"start":{"line":136,"column":4},"end":{"line":141,"column":5}},"35":{"start":{"line":137,"column":6},"end":{"line":140,"column":9}},"36":{"start":{"line":143,"column":75},"end":{"line":143,"column":83}},"37":{"start":{"line":146,"column":31},"end":{"line":146,"column":57}},"38":{"start":{"line":149,"column":31},"end":{"line":155,"column":5}},"39":{"start":{"line":157,"column":4},"end":{"line":157,"column":63}},"40":{"start":{"line":159,"column":4},"end":{"line":162,"column":7}},"41":{"start":{"line":164,"column":4},"end":{"line":164,"column":54}},"42":{"start":{"line":165,"column":4},"end":{"line":167,"column":7}},"43":{"start":{"line":174,"column":0},"end":{"line":222,"column":3}},"44":{"start":{"line":184,"column":6},"end":{"line":186,"column":7}},"45":{"start":{"line":185,"column":8},"end":{"line":185,"column":64}},"46":{"start":{"line":187,"column":6},"end":{"line":187,"column":18}},"47":{"start":{"line":190,"column":2},"end":{"line":221,"column":3}},"48":{"start":{"line":192,"column":19},"end":{"line":192,"column":40}},"49":{"start":{"line":193,"column":4},"end":{"line":198,"column":5}},"50":{"start":{"line":194,"column":6},"end":{"line":197,"column":9}},"51":{"start":{"line":200,"column":45},"end":{"line":200,"column":53}},"52":{"start":{"line":203,"column":35},"end":{"line":203,"column":82}},"53":{"start":{"line":204,"column":4},"end":{"line":208,"column":5}},"54":{"start":{"line":205,"column":6},"end":{"line":207,"column":9}},"55":{"start":{"line":211,"column":4},"end":{"line":211,"column":53}},"56":{"start":{"line":213,"column":4},"end":{"line":215,"column":7}},"57":{"start":{"line":217,"column":4},"end":{"line":217,"column":51}},"58":{"start":{"line":218,"column":4},"end":{"line":220,"column":7}},"59":{"start":{"line":227,"column":0},"end":{"line":240,"column":3}},"60":{"start":{"line":228,"column":2},"end":{"line":239,"column":3}},"61":{"start":{"line":229,"column":4},"end":{"line":229,"column":47}},"62":{"start":{"line":231,"column":4},"end":{"line":233,"column":7}},"63":{"start":{"line":235,"column":4},"end":{"line":235,"column":54}},"64":{"start":{"line":236,"column":4},"end":{"line":238,"column":7}},"65":{"start":{"line":245,"column":0},"end":{"line":270,"column":3}},"66":{"start":{"line":246,"column":2},"end":{"line":269,"column":3}},"67":{"start":{"line":247,"column":38},"end":{"line":247,"column":58}},"68":{"start":{"line":249,"column":57},"end":{"line":253,"column":6}},"69":{"start":{"line":255,"column":4},"end":{"line":263,"column":7}},"70":{"start":{"line":265,"column":4},"end":{"line":265,"column":45}},"71":{"start":{"line":266,"column":4},"end":{"line":268,"column":7}},"72":{"start":{"line":272,"column":0},"end":{"line":272,"column":24}}},"fnMap":{"0":{"name":"(anonymous_0)","decl":{"start":{"line":11,"column":29},"end":{"line":11,"column":30}},"loc":{"start":{"line":11,"column":49},"end":{"line":41,"column":1}},"line":11},"1":{"name":"(anonymous_1)","decl":{"start":{"line":58,"column":3},"end":{"line":58,"column":4}},"loc":{"start":{"line":58,"column":23},"end":{"line":109,"column":1}},"line":58},"2":{"name":"(anonymous_2)","decl":{"start":{"line":132,"column":3},"end":{"line":132,"column":4}},"loc":{"start":{"line":132,"column":23},"end":{"line":169,"column":1}},"line":132},"3":{"name":"(anonymous_3)","decl":{"start":{"line":183,"column":12},"end":{"line":183,"column":13}},"loc":{"start":{"line":183,"column":32},"end":{"line":188,"column":5}},"line":183},"4":{"name":"(anonymous_4)","decl":{"start":{"line":189,"column":3},"end":{"line":189,"column":4}},"loc":{"start":{"line":189,"column":23},"end":{"line":222,"column":1}},"line":189},"5":{"name":"(anonymous_5)","decl":{"start":{"line":227,"column":32},"end":{"line":227,"column":33}},"loc":{"start":{"line":227,"column":52},"end":{"line":240,"column":1}},"line":227},"6":{"name":"(anonymous_6)","decl":{"start":{"line":245,"column":27},"end":{"line":245,"column":28}},"loc":{"start":{"line":245,"column":47},"end":{"line":270,"column":1}},"line":245}},"branchMap":{"0":{"loc":{"start":{"line":17,"column":4},"end":{"line":21,"column":5}},"type":"if","locations":[{"start":{"line":17,"column":4},"end":{"line":21,"column":5}},{"start":{},"end":{}}],"line":17},"1":{"loc":{"start":{"line":62,"column":4},"end":{"line":67,"column":5}},"type":"if","locations":[{"start":{"line":62,"column":4},"end":{"line":67,"column":5}},{"start":{},"end":{}}],"line":62},"2":{"loc":{"start":{"line":72,"column":4},"end":{"line":72,"column":37}},"type":"if","locations":[{"start":{"line":72,"column":4},"end":{"line":72,"column":37}},{"start":{},"end":{}}],"line":72},"3":{"loc":{"start":{"line":73,"column":4},"end":{"line":88,"column":5}},"type":"if","locations":[{"start":{"line":73,"column":4},"end":{"line":88,"column":5}},{"start":{},"end":{}}],"line":73},"4":{"loc":{"start":{"line":82,"column":6},"end":{"line":86,"column":7}},"type":"if","locations":[{"start":{"line":82,"column":6},"end":{"line":86,"column":7}},{"start":{},"end":{}}],"line":82},"5":{"loc":{"start":{"line":136,"column":4},"end":{"line":141,"column":5}},"type":"if","locations":[{"start":{"line":136,"column":4},"end":{"line":141,"column":5}},{"start":{},"end":{}}],"line":136},"6":{"loc":{"start":{"line":146,"column":31},"end":{"line":146,"column":57}},"type":"binary-expr","locations":[{"start":{"line":146,"column":31},"end":{"line":146,"column":51}},{"start":{"line":146,"column":55},"end":{"line":146,"column":57}}],"line":146},"7":{"loc":{"start":{"line":151,"column":10},"end":{"line":151,"column":60}},"type":"binary-expr","locations":[{"start":{"line":151,"column":10},"end":{"line":151,"column":31}},{"start":{"line":151,"column":35},"end":{"line":151,"column":60}}],"line":151},"8":{"loc":{"start":{"line":152,"column":10},"end":{"line":152,"column":68}},"type":"binary-expr","locations":[{"start":{"line":152,"column":10},"end":{"line":152,"column":42}},{"start":{"line":152,"column":46},"end":{"line":152,"column":68}}],"line":152},"9":{"loc":{"start":{"line":153,"column":10},"end":{"line":153,"column":28}},"type":"binary-expr","locations":[{"start":{"line":153,"column":10},"end":{"line":153,"column":15}},{"start":{"line":153,"column":19},"end":{"line":153,"column":28}}],"line":153},"10":{"loc":{"start":{"line":154,"column":10},"end":{"line":154,"column":34}},"type":"binary-expr","locations":[{"start":{"line":154,"column":10},"end":{"line":154,"column":18}},{"start":{"line":154,"column":22},"end":{"line":154,"column":34}}],"line":154},"11":{"loc":{"start":{"line":184,"column":6},"end":{"line":186,"column":7}},"type":"if","locations":[{"start":{"line":184,"column":6},"end":{"line":186,"column":7}},{"start":{},"end":{}}],"line":184},"12":{"loc":{"start":{"line":193,"column":4},"end":{"line":198,"column":5}},"type":"if","locations":[{"start":{"line":193,"column":4},"end":{"line":198,"column":5}},{"start":{},"end":{}}],"line":193},"13":{"loc":{"start":{"line":204,"column":4},"end":{"line":208,"column":5}},"type":"if","locations":[{"start":{"line":204,"column":4},"end":{"line":208,"column":5}},{"start":{},"end":{}}],"line":204}},"s":{"0":2,"1":2,"2":2,"3":2,"4":2,"5":2,"6":0,"7":0,"8":0,"9":0,"10":0,"11":0,"12":0,"13":2,"14":0,"15":0,"16":0,"17":0,"18":0,"19":0,"20":0,"21":0,"22":0,"23":0,"24":0,"25":0,"26":0,"27":0,"28":0,"29":0,"30":0,"31":2,"32":0,"33":0,"34":0,"35":0,"36":0,"37":0,"38":0,"39":0,"40":0,"41":0,"42":0,"43":2,"44":0,"45":0,"46":0,"47":0,"48":0,"49":0,"50":0,"51":0,"52":0,"53":0,"54":0,"55":0,"56":0,"57":0,"58":0,"59":2,"60":0,"61":0,"62":0,"63":0,"64":0,"65":2,"66":0,"67":0,"68":0,"69":0,"70":0,"71":0,"72":2},"f":{"0":0,"1":0,"2":0,"3":0,"4":0,"5":0,"6":0},"b":{"0":[0,0],"1":[0,0],"2":[0,0],"3":[0,0],"4":[0,0],"5":[0,0],"6":[0,0],"7":[0,0],"8":[0,0],"9":[0,0],"10":[0,0],"11":[0,0],"12":[0,0],"13":[0,0]},"_coverageSchema":"1a1c01bbd47fc00a2c39e90264f33305004495a9","hash":"08e838ed920a164dd5d583b5c723ed5c9de4217b"}
}
