TN:
SF:server.js
FN:23,(anonymous_0)
FN:51,(anonymous_1)
FN:60,(anonymous_2)
FN:65,(anonymous_3)
FN:75,(anonymous_4)
FN:86,(anonymous_5)
FN:92,(anonymous_6)
FNF:7
FNH:0
FNDA:0,(anonymous_0)
FNDA:0,(anonymous_1)
FNDA:0,(anonymous_2)
FNDA:0,(anonymous_3)
FNDA:0,(anonymous_4)
FNDA:0,(anonymous_5)
FNDA:0,(anonymous_6)
DA:1,2
DA:2,2
DA:3,2
DA:4,2
DA:5,2
DA:8,2
DA:10,2
DA:11,2
DA:14,2
DA:15,2
DA:19,2
DA:20,2
DA:23,2
DA:24,0
DA:26,0
DA:27,0
DA:34,0
DA:45,2
DA:46,2
DA:47,2
DA:48,2
DA:51,2
DA:52,0
DA:53,0
DA:60,2
DA:61,0
DA:65,2
DA:66,0
DA:68,0
DA:69,0
DA:72,0
DA:73,0
DA:75,0
DA:76,0
DA:77,0
DA:80,0
DA:81,0
DA:86,2
DA:87,0
DA:88,0
DA:89,0
DA:92,2
DA:93,0
DA:94,0
DA:95,0
DA:98,2
DA:99,0
DA:102,2
LF:48
LH:24
BRDA:11,0,0,2
BRDA:11,0,1,0
BRDA:16,1,0,2
BRDA:16,1,1,0
BRDA:55,2,0,0
BRDA:55,2,1,0
BRDA:98,3,0,0
BRDA:98,3,1,2
BRF:8
BRH:3
end_of_record
TN:
SF:config\database.js
FN:28,(anonymous_0)
FNF:1
FNH:0
FNDA:0,(anonymous_0)
DA:1,3
DA:2,3
DA:4,3
DA:28,3
DA:29,0
DA:30,0
DA:31,0
DA:32,0
DA:34,0
DA:35,0
DA:39,3
LF:11
LH:5
BRDA:5,0,0,3
BRDA:5,0,1,0
BRDA:6,1,0,3
BRDA:6,1,1,0
BRDA:7,2,0,3
BRDA:7,2,1,3
BRDA:9,3,0,3
BRDA:9,3,1,0
BRDA:10,4,0,3
BRDA:10,4,1,0
BRDA:12,5,0,0
BRDA:12,5,1,3
BRF:12
BRH:7
end_of_record
TN:
SF:middleware\auth.js
FN:4,(anonymous_0)
FN:44,(anonymous_1)
FN:64,(anonymous_2)
FN:66,(anonymous_3)
FNF:4
FNH:0
FNDA:0,(anonymous_0)
FNDA:0,(anonymous_1)
FNDA:0,(anonymous_2)
FNDA:0,(anonymous_3)
DA:1,2
DA:2,2
DA:4,2
DA:5,0
DA:6,0
DA:8,0
DA:9,0
DA:14,0
DA:15,0
DA:17,0
DA:18,0
DA:23,0
DA:24,0
DA:26,0
DA:27,0
DA:31,0
DA:32,0
DA:37,0
DA:38,0
DA:44,2
DA:45,0
DA:46,0
DA:48,0
DA:49,0
DA:50,0
DA:52,0
DA:53,0
DA:57,0
DA:60,0
DA:64,2
DA:65,0
DA:66,0
DA:68,0
DA:69,0
DA:74,0
DA:76,0
DA:82,2
LF:37
LH:6
BRDA:8,0,0,0
BRDA:8,0,1,0
BRDA:17,1,0,0
BRDA:17,1,1,0
BRDA:17,2,0,0
BRDA:17,2,1,0
BRDA:26,3,0,0
BRDA:26,3,1,0
BRDA:31,4,0,0
BRDA:31,4,1,0
BRDA:48,5,0,0
BRDA:48,5,1,0
BRDA:52,6,0,0
BRDA:52,6,1,0
BRDA:52,7,0,0
BRDA:52,7,1,0
BRDA:68,8,0,0
BRDA:68,8,1,0
BRF:18
BRH:0
end_of_record
TN:
SF:models\Alert.js
FN:79,(anonymous_0)
FN:85,(anonymous_1)
FN:91,(anonymous_2)
FN:97,(anonymous_3)
FN:105,(anonymous_4)
FNF:5
FNH:0
FNDA:0,(anonymous_0)
FNDA:0,(anonymous_1)
FNDA:0,(anonymous_2)
FNDA:0,(anonymous_3)
FNDA:0,(anonymous_4)
DA:1,3
DA:2,3
DA:4,3
DA:79,3
DA:80,0
DA:81,0
DA:82,0
DA:85,3
DA:86,0
DA:87,0
DA:88,0
DA:91,3
DA:92,0
DA:93,0
DA:97,3
DA:98,0
DA:105,3
DA:106,0
DA:115,3
LF:19
LH:9
BRDA:97,0,0,0
BRF:1
BRH:0
end_of_record
TN:
SF:models\DiagnosticTest.js
FN:101,(anonymous_0)
FN:106,(anonymous_1)
FN:112,(anonymous_2)
FN:120,(anonymous_3)
FN:130,(anonymous_4)
FN:140,(anonymous_5)
FNF:6
FNH:0
FNDA:0,(anonymous_0)
FNDA:0,(anonymous_1)
FNDA:0,(anonymous_2)
FNDA:0,(anonymous_3)
FNDA:0,(anonymous_4)
FNDA:0,(anonymous_5)
DA:1,3
DA:2,3
DA:4,3
DA:101,3
DA:102,0
DA:103,0
DA:106,3
DA:107,0
DA:108,0
DA:112,3
DA:113,0
DA:120,3
DA:121,0
DA:130,3
DA:131,0
DA:140,3
DA:141,0
DA:142,0
DA:144,0
DA:155,3
LF:20
LH:10
BRDA:112,0,0,0
BRDA:140,1,0,0
BRF:2
BRH:0
end_of_record
TN:
SF:models\User.js
FN:56,(anonymous_0)
FN:62,(anonymous_1)
FN:72,(anonymous_2)
FN:76,(anonymous_3)
FN:83,(anonymous_4)
FNF:5
FNH:0
FNDA:0,(anonymous_0)
FNDA:0,(anonymous_1)
FNDA:0,(anonymous_2)
FNDA:0,(anonymous_3)
FNDA:0,(anonymous_4)
DA:1,3
DA:2,3
DA:3,3
DA:5,3
DA:57,0
DA:58,0
DA:59,0
DA:63,0
DA:64,0
DA:65,0
DA:72,3
DA:73,0
DA:76,3
DA:77,0
DA:78,0
DA:79,0
DA:83,3
DA:84,0
DA:87,3
LF:19
LH:8
BRDA:57,0,0,0
BRDA:57,0,1,0
BRDA:63,1,0,0
BRDA:63,1,1,0
BRF:4
BRH:0
end_of_record
TN:
SF:models\index.js
FNF:0
FNH:0
DA:1,3
DA:2,3
DA:3,3
DA:4,3
DA:7,3
DA:13,3
DA:18,3
DA:24,3
DA:30,3
LF:9
LH:9
BRF:0
BRH:0
end_of_record
TN:
SF:routes\alerts.js
FN:33,(anonymous_0)
FN:93,(anonymous_1)
FN:112,(anonymous_2)
FN:167,(anonymous_3)
FN:237,(anonymous_4)
FN:305,(anonymous_5)
FN:337,(anonymous_6)
FN:369,(anonymous_7)
FN:400,(anonymous_8)
FN:429,(anonymous_9)
FNF:10
FNH:0
FNDA:0,(anonymous_0)
FNDA:0,(anonymous_1)
FNDA:0,(anonymous_2)
FNDA:0,(anonymous_3)
FNDA:0,(anonymous_4)
FNDA:0,(anonymous_5)
FNDA:0,(anonymous_6)
FNDA:0,(anonymous_7)
FNDA:0,(anonymous_8)
FNDA:0,(anonymous_9)
DA:1,2
DA:2,2
DA:3,2
DA:4,2
DA:6,2
DA:11,2
DA:34,0
DA:36,0
DA:37,0
DA:38,0
DA:44,0
DA:45,0
DA:46,0
DA:49,0
DA:50,0
DA:51,0
DA:52,0
DA:54,0
DA:69,0
DA:71,0
DA:83,0
DA:84,0
DA:93,2
DA:94,0
DA:95,0
DA:97,0
DA:102,0
DA:103,0
DA:112,2
DA:113,0
DA:114,0
DA:126,0
DA:127,0
DA:132,0
DA:134,0
DA:135,0
DA:144,2
DA:168,0
DA:170,0
DA:171,0
DA:172,0
DA:178,0
DA:180,0
DA:190,0
DA:198,0
DA:203,0
DA:204,0
DA:213,2
DA:238,0
DA:240,0
DA:241,0
DA:242,0
DA:248,0
DA:255,0
DA:256,0
DA:261,0
DA:262,0
DA:264,0
DA:265,0
DA:266,0
DA:267,0
DA:268,0
DA:269,0
DA:271,0
DA:272,0
DA:275,0
DA:276,0
DA:277,0
DA:279,0
DA:282,0
DA:290,0
DA:295,0
DA:296,0
DA:305,2
DA:306,0
DA:307,0
DA:314,0
DA:315,0
DA:320,0
DA:322,0
DA:327,0
DA:328,0
DA:337,2
DA:338,0
DA:339,0
DA:346,0
DA:347,0
DA:352,0
DA:354,0
DA:359,0
DA:360,0
DA:369,2
DA:370,0
DA:371,0
DA:378,0
DA:379,0
DA:384,0
DA:386,0
DA:390,0
DA:391,0
DA:400,2
DA:401,0
DA:402,0
DA:410,0
DA:420,0
DA:430,0
DA:431,0
DA:436,0
DA:437,0
DA:443,2
LF:110
LH:15
BRDA:37,0,0,0
BRDA:37,0,1,0
BRDA:44,1,0,0
BRDA:44,1,1,0
BRDA:45,2,0,0
BRDA:45,2,1,0
BRDA:50,3,0,0
BRDA:50,3,1,0
BRDA:51,4,0,0
BRDA:51,4,1,0
BRDA:52,5,0,0
BRDA:52,5,1,0
BRDA:126,6,0,0
BRDA:126,6,1,0
BRDA:171,7,0,0
BRDA:171,7,1,0
BRDA:183,8,0,0
BRDA:183,8,1,0
BRDA:184,9,0,0
BRDA:184,9,1,0
BRDA:185,10,0,0
BRDA:185,10,1,0
BRDA:241,11,0,0
BRDA:241,11,1,0
BRDA:255,12,0,0
BRDA:255,12,1,0
BRDA:264,13,0,0
BRDA:264,13,1,0
BRDA:265,14,0,0
BRDA:265,14,1,0
BRDA:266,15,0,0
BRDA:266,15,1,0
BRDA:268,16,0,0
BRDA:268,16,1,0
BRDA:268,17,0,0
BRDA:268,17,1,0
BRDA:271,18,0,0
BRDA:271,18,1,0
BRDA:271,19,0,0
BRDA:271,19,1,0
BRDA:275,20,0,0
BRDA:275,20,1,0
BRDA:276,21,0,0
BRDA:276,21,1,0
BRDA:277,22,0,0
BRDA:277,22,1,0
BRDA:314,23,0,0
BRDA:314,23,1,0
BRDA:346,24,0,0
BRDA:346,24,1,0
BRDA:378,25,0,0
BRDA:378,25,1,0
BRF:52
BRH:0
end_of_record
TN:
SF:routes\auth.js
FN:10,(anonymous_0)
FN:33,(anonymous_1)
FN:94,(anonymous_2)
FN:159,(anonymous_3)
FN:182,(anonymous_4)
FN:193,(anonymous_5)
FNF:6
FNH:0
FNDA:0,(anonymous_0)
FNDA:0,(anonymous_1)
FNDA:0,(anonymous_2)
FNDA:0,(anonymous_3)
FNDA:0,(anonymous_4)
FNDA:0,(anonymous_5)
DA:1,2
DA:2,2
DA:3,2
DA:4,2
DA:5,2
DA:7,2
DA:10,2
DA:11,0
DA:21,2
DA:34,0
DA:36,0
DA:37,0
DA:38,0
DA:44,0
DA:47,0
DA:48,0
DA:49,0
DA:55,0
DA:62,0
DA:64,0
DA:75,0
DA:76,0
DA:86,2
DA:95,0
DA:97,0
DA:98,0
DA:99,0
DA:105,0
DA:108,0
DA:109,0
DA:110,0
DA:116,0
DA:117,0
DA:123,0
DA:124,0
DA:125,0
DA:131,0
DA:134,0
DA:136,0
DA:148,0
DA:149,0
DA:159,2
DA:160,0
DA:161,0
DA:172,0
DA:173,0
DA:182,2
DA:185,0
DA:193,2
DA:194,0
DA:195,0
DA:197,0
DA:202,0
DA:203,0
DA:209,2
LF:55
LH:13
BRDA:14,0,0,0
BRDA:14,0,1,0
BRDA:37,1,0,0
BRDA:37,1,1,0
BRDA:48,2,0,0
BRDA:48,2,1,0
BRDA:78,3,0,0
BRDA:78,3,1,0
BRDA:98,4,0,0
BRDA:98,4,1,0
BRDA:109,5,0,0
BRDA:109,5,1,0
BRDA:116,6,0,0
BRDA:116,6,1,0
BRDA:124,7,0,0
BRDA:124,7,1,0
BRDA:151,8,0,0
BRDA:151,8,1,0
BRF:18
BRH:0
end_of_record
TN:
SF:routes\diagnosticTests.js
FN:41,(anonymous_0)
FN:109,(anonymous_1)
FN:130,(anonymous_2)
FN:149,(anonymous_3)
FN:235,(anonymous_4)
FN:358,(anonymous_5)
FN:437,(anonymous_6)
FN:469,(anonymous_7)
FN:500,(anonymous_8)
FN:543,(anonymous_9)
FNF:10
FNH:0
FNDA:0,(anonymous_0)
FNDA:0,(anonymous_1)
FNDA:0,(anonymous_2)
FNDA:0,(anonymous_3)
FNDA:0,(anonymous_4)
FNDA:0,(anonymous_5)
FNDA:0,(anonymous_6)
FNDA:0,(anonymous_7)
FNDA:0,(anonymous_8)
FNDA:0,(anonymous_9)
DA:1,2
DA:2,2
DA:3,2
DA:4,2
DA:6,2
DA:11,2
DA:42,0
DA:44,0
DA:45,0
DA:46,0
DA:52,0
DA:53,0
DA:54,0
DA:57,0
DA:58,0
DA:59,0
DA:60,0
DA:63,0
DA:64,0
DA:65,0
DA:66,0
DA:68,0
DA:69,0
DA:73,0
DA:85,0
DA:87,0
DA:99,0
DA:100,0
DA:109,2
DA:110,0
DA:111,0
DA:112,0
DA:114,0
DA:120,0
DA:121,0
DA:130,2
DA:131,0
DA:132,0
DA:134,0
DA:139,0
DA:140,0
DA:149,2
DA:150,0
DA:151,0
DA:163,0
DA:164,0
DA:169,0
DA:171,0
DA:172,0
DA:181,2
DA:236,0
DA:238,0
DA:239,0
DA:240,0
DA:259,0
DA:261,0
DA:278,0
DA:286,0
DA:291,0
DA:292,0
DA:301,2
DA:359,0
DA:361,0
DA:362,0
DA:363,0
DA:369,0
DA:376,0
DA:377,0
DA:395,0
DA:397,0
DA:398,0
DA:399,0
DA:400,0
DA:401,0
DA:402,0
DA:403,0
DA:404,0
DA:405,0
DA:406,0
DA:407,0
DA:408,0
DA:409,0
DA:411,0
DA:414,0
DA:422,0
DA:427,0
DA:428,0
DA:437,2
DA:438,0
DA:439,0
DA:446,0
DA:447,0
DA:452,0
DA:454,0
DA:459,0
DA:460,0
DA:469,2
DA:470,0
DA:471,0
DA:478,0
DA:479,0
DA:484,0
DA:486,0
DA:490,0
DA:491,0
DA:500,2
DA:501,0
DA:502,0
DA:510,0
DA:521,0
DA:522,0
DA:524,0
DA:533,0
DA:544,0
DA:545,0
DA:550,0
DA:551,0
DA:557,2
LF:118
LH:15
BRDA:45,0,0,0
BRDA:45,0,1,0
BRDA:52,1,0,0
BRDA:52,1,1,0
BRDA:53,2,0,0
BRDA:53,2,1,0
BRDA:58,3,0,0
BRDA:58,3,1,0
BRDA:59,4,0,0
BRDA:59,4,1,0
BRDA:60,5,0,0
BRDA:60,5,1,0
BRDA:63,6,0,0
BRDA:63,6,1,0
BRDA:63,7,0,0
BRDA:63,7,1,0
BRDA:65,8,0,0
BRDA:65,8,1,0
BRDA:68,9,0,0
BRDA:68,9,1,0
BRDA:111,10,0,0
BRDA:111,10,1,0
BRDA:163,11,0,0
BRDA:163,11,1,0
BRDA:239,12,0,0
BRDA:239,12,1,0
BRDA:265,13,0,0
BRDA:265,13,1,0
BRDA:266,14,0,0
BRDA:266,14,1,0
BRDA:272,15,0,0
BRDA:272,15,1,0
BRDA:273,16,0,0
BRDA:273,16,1,0
BRDA:362,17,0,0
BRDA:362,17,1,0
BRDA:376,18,0,0
BRDA:376,18,1,0
BRDA:398,19,0,0
BRDA:398,19,1,0
BRDA:399,20,0,0
BRDA:399,20,1,0
BRDA:400,21,0,0
BRDA:400,21,1,0
BRDA:401,22,0,0
BRDA:401,22,1,0
BRDA:402,23,0,0
BRDA:402,23,1,0
BRDA:403,24,0,0
BRDA:403,24,1,0
BRDA:404,25,0,0
BRDA:404,25,1,0
BRDA:405,26,0,0
BRDA:405,26,1,0
BRDA:406,27,0,0
BRDA:406,27,1,0
BRDA:407,28,0,0
BRDA:407,28,1,0
BRDA:408,29,0,0
BRDA:408,29,1,0
BRDA:409,30,0,0
BRDA:409,30,1,0
BRDA:446,31,0,0
BRDA:446,31,1,0
BRDA:478,32,0,0
BRDA:478,32,1,0
BRF:66
BRH:0
end_of_record
TN:
SF:routes\users.js
FN:11,(anonymous_0)
FN:58,(anonymous_1)
FN:132,(anonymous_2)
FN:183,(anonymous_3)
FN:189,(anonymous_4)
FN:227,(anonymous_5)
FN:245,(anonymous_6)
FNF:7
FNH:0
FNDA:0,(anonymous_0)
FNDA:0,(anonymous_1)
FNDA:0,(anonymous_2)
FNDA:0,(anonymous_3)
FNDA:0,(anonymous_4)
FNDA:0,(anonymous_5)
FNDA:0,(anonymous_6)
DA:1,2
DA:2,2
DA:3,2
DA:4,2
DA:6,2
DA:11,2
DA:12,0
DA:13,0
DA:17,0
DA:18,0
DA:23,0
DA:36,0
DA:37,0
DA:46,2
DA:59,0
DA:61,0
DA:62,0
DA:63,0
DA:69,0
DA:70,0
DA:72,0
DA:73,0
DA:75,0
DA:82,0
DA:83,0
DA:87,0
DA:91,0
DA:93,0
DA:104,0
DA:105,0
DA:114,2
DA:133,0
DA:135,0
DA:136,0
DA:137,0
DA:143,0
DA:146,0
DA:149,0
DA:157,0
DA:159,0
DA:164,0
DA:165,0
DA:174,2
DA:184,0
DA:185,0
DA:187,0
DA:190,0
DA:192,0
DA:193,0
DA:194,0
DA:200,0
DA:203,0
DA:204,0
DA:205,0
DA:211,0
DA:213,0
DA:217,0
DA:218,0
DA:227,2
DA:228,0
DA:229,0
DA:231,0
DA:235,0
DA:236,0
DA:245,2
DA:246,0
DA:247,0
DA:249,0
DA:255,0
DA:265,0
DA:266,0
DA:272,2
LF:72
LH:12
BRDA:17,0,0,0
BRDA:17,0,1,0
BRDA:62,1,0,0
BRDA:62,1,1,0
BRDA:72,2,0,0
BRDA:72,2,1,0
BRDA:73,3,0,0
BRDA:73,3,1,0
BRDA:82,4,0,0
BRDA:82,4,1,0
BRDA:136,5,0,0
BRDA:136,5,1,0
BRDA:146,6,0,0
BRDA:146,6,1,0
BRDA:151,7,0,0
BRDA:151,7,1,0
BRDA:152,8,0,0
BRDA:152,8,1,0
BRDA:153,9,0,0
BRDA:153,9,1,0
BRDA:154,10,0,0
BRDA:154,10,1,0
BRDA:184,11,0,0
BRDA:184,11,1,0
BRDA:193,12,0,0
BRDA:193,12,1,0
BRDA:204,13,0,0
BRDA:204,13,1,0
BRF:28
BRH:0
end_of_record
